Started GET "/welcome/index" for 127.0.0.1 at 2018-07-03 17:46:05 +0300
Processing by WelcomeController#index as HTML
  Rendering welcome/index.html.erb within layouts/application
  Rendered welcome/index.html.erb within layouts/application (0.6ms)
Completed 200 OK in 977ms (Views: 971.1ms | ActiveRecord: 0.0ms)


Started GET "/" for 127.0.0.1 at 2018-07-03 17:46:41 +0300
Processing by WelcomeController#index as HTML
  Rendering welcome/index.html.erb within layouts/application
  Rendered welcome/index.html.erb within layouts/application (0.2ms)
Completed 200 OK in 10ms (Views: 9.1ms | ActiveRecord: 0.0ms)


Started GET "/articles/new" for 127.0.0.1 at 2018-07-03 17:47:49 +0300
  
ActionController::RoutingError (No route matches [GET] "/articles/new"):
  
actionpack (5.2.0) lib/action_dispatch/middleware/debug_exceptions.rb:65:in `call'
web-console (3.6.2) lib/web_console/middleware.rb:135:in `call_app'
web-console (3.6.2) lib/web_console/middleware.rb:30:in `block in call'
web-console (3.6.2) lib/web_console/middleware.rb:20:in `catch'
web-console (3.6.2) lib/web_console/middleware.rb:20:in `call'
actionpack (5.2.0) lib/action_dispatch/middleware/show_exceptions.rb:33:in `call'
railties (5.2.0) lib/rails/rack/logger.rb:38:in `call_app'
railties (5.2.0) lib/rails/rack/logger.rb:26:in `block in call'
activesupport (5.2.0) lib/active_support/tagged_logging.rb:71:in `block in tagged'
activesupport (5.2.0) lib/active_support/tagged_logging.rb:28:in `tagged'
activesupport (5.2.0) lib/active_support/tagged_logging.rb:71:in `tagged'
railties (5.2.0) lib/rails/rack/logger.rb:26:in `call'
sprockets-rails (3.2.1) lib/sprockets/rails/quiet_assets.rb:13:in `call'
actionpack (5.2.0) lib/action_dispatch/middleware/remote_ip.rb:81:in `call'
actionpack (5.2.0) lib/action_dispatch/middleware/request_id.rb:27:in `call'
rack (2.0.5) lib/rack/method_override.rb:22:in `call'
rack (2.0.5) lib/rack/runtime.rb:22:in `call'
activesupport (5.2.0) lib/active_support/cache/strategy/local_cache_middleware.rb:29:in `call'
actionpack (5.2.0) lib/action_dispatch/middleware/executor.rb:14:in `call'
actionpack (5.2.0) lib/action_dispatch/middleware/static.rb:127:in `call'
rack (2.0.5) lib/rack/sendfile.rb:111:in `call'
railties (5.2.0) lib/rails/engine.rb:524:in `call'
puma (3.11.4) lib/puma/configuration.rb:225:in `call'
puma (3.11.4) lib/puma/server.rb:632:in `handle_request'
puma (3.11.4) lib/puma/server.rb:446:in `process_client'
puma (3.11.4) lib/puma/server.rb:306:in `block in run'
puma (3.11.4) lib/puma/thread_pool.rb:120:in `block in spawn_thread'
Started GET "/events/new" for 127.0.0.1 at 2018-07-03 17:48:07 +0300
  
AbstractController::ActionNotFound (The action 'new' could not be found for EventsController):
  
actionpack (5.2.0) lib/abstract_controller/base.rb:129:in `process'
actionview (5.2.0) lib/action_view/rendering.rb:32:in `process'
actionpack (5.2.0) lib/action_controller/metal.rb:191:in `dispatch'
actionpack (5.2.0) lib/action_controller/metal.rb:252:in `dispatch'
actionpack (5.2.0) lib/action_dispatch/routing/route_set.rb:52:in `dispatch'
actionpack (5.2.0) lib/action_dispatch/routing/route_set.rb:34:in `serve'
actionpack (5.2.0) lib/action_dispatch/journey/router.rb:52:in `block in serve'
actionpack (5.2.0) lib/action_dispatch/journey/router.rb:35:in `each'
actionpack (5.2.0) lib/action_dispatch/journey/router.rb:35:in `serve'
actionpack (5.2.0) lib/action_dispatch/routing/route_set.rb:840:in `call'
rack (2.0.5) lib/rack/tempfile_reaper.rb:15:in `call'
rack (2.0.5) lib/rack/etag.rb:25:in `call'
rack (2.0.5) lib/rack/conditional_get.rb:25:in `call'
rack (2.0.5) lib/rack/head.rb:12:in `call'
actionpack (5.2.0) lib/action_dispatch/http/content_security_policy.rb:18:in `call'
rack (2.0.5) lib/rack/session/abstract/id.rb:232:in `context'
rack (2.0.5) lib/rack/session/abstract/id.rb:226:in `call'
actionpack (5.2.0) lib/action_dispatch/middleware/cookies.rb:670:in `call'
activerecord (5.2.0) lib/active_record/migration.rb:559:in `call'
actionpack (5.2.0) lib/action_dispatch/middleware/callbacks.rb:28:in `block in call'
activesupport (5.2.0) lib/active_support/callbacks.rb:98:in `run_callbacks'
actionpack (5.2.0) lib/action_dispatch/middleware/callbacks.rb:26:in `call'
actionpack (5.2.0) lib/action_dispatch/middleware/executor.rb:14:in `call'
actionpack (5.2.0) lib/action_dispatch/middleware/debug_exceptions.rb:61:in `call'
web-console (3.6.2) lib/web_console/middleware.rb:135:in `call_app'
web-console (3.6.2) lib/web_console/middleware.rb:30:in `block in call'
web-console (3.6.2) lib/web_console/middleware.rb:20:in `catch'
web-console (3.6.2) lib/web_console/middleware.rb:20:in `call'
actionpack (5.2.0) lib/action_dispatch/middleware/show_exceptions.rb:33:in `call'
railties (5.2.0) lib/rails/rack/logger.rb:38:in `call_app'
railties (5.2.0) lib/rails/rack/logger.rb:26:in `block in call'
activesupport (5.2.0) lib/active_support/tagged_logging.rb:71:in `block in tagged'
activesupport (5.2.0) lib/active_support/tagged_logging.rb:28:in `tagged'
activesupport (5.2.0) lib/active_support/tagged_logging.rb:71:in `tagged'
railties (5.2.0) lib/rails/rack/logger.rb:26:in `call'
sprockets-rails (3.2.1) lib/sprockets/rails/quiet_assets.rb:13:in `call'
actionpack (5.2.0) lib/action_dispatch/middleware/remote_ip.rb:81:in `call'
actionpack (5.2.0) lib/action_dispatch/middleware/request_id.rb:27:in `call'
rack (2.0.5) lib/rack/method_override.rb:22:in `call'
rack (2.0.5) lib/rack/runtime.rb:22:in `call'
activesupport (5.2.0) lib/active_support/cache/strategy/local_cache_middleware.rb:29:in `call'
actionpack (5.2.0) lib/action_dispatch/middleware/executor.rb:14:in `call'
actionpack (5.2.0) lib/action_dispatch/middleware/static.rb:127:in `call'
rack (2.0.5) lib/rack/sendfile.rb:111:in `call'
railties (5.2.0) lib/rails/engine.rb:524:in `call'
puma (3.11.4) lib/puma/configuration.rb:225:in `call'
puma (3.11.4) lib/puma/server.rb:632:in `handle_request'
puma (3.11.4) lib/puma/server.rb:446:in `process_client'
puma (3.11.4) lib/puma/server.rb:306:in `block in run'
puma (3.11.4) lib/puma/thread_pool.rb:120:in `block in spawn_thread'
Started GET "/events/new" for 127.0.0.1 at 2018-07-03 17:48:21 +0300
Processing by EventsController#new as HTML
Completed 406 Not Acceptable in 13ms (ActiveRecord: 0.0ms)


  
ActionController::UnknownFormat (EventsController#new is missing a template for this request format and variant.

request.formats: ["text/html"]
request.variant: []

NOTE! For XHR/Ajax or API requests, this action would normally respond with 204 No Content: an empty white screen. Since you're loading it in a web browser, we assume that you expected to actually render a template, not nothing, so we're showing an error to be extra-clear. If you expect 204 No Content, carry on. That's what you'll get from an XHR or API request. Give it a shot.):
  
actionpack (5.2.0) lib/action_controller/metal/implicit_render.rb:55:in `default_render'
actionpack (5.2.0) lib/action_controller/metal/basic_implicit_render.rb:6:in `block in send_action'
actionpack (5.2.0) lib/action_controller/metal/basic_implicit_render.rb:6:in `tap'
actionpack (5.2.0) lib/action_controller/metal/basic_implicit_render.rb:6:in `send_action'
actionpack (5.2.0) lib/abstract_controller/base.rb:194:in `process_action'
actionpack (5.2.0) lib/action_controller/metal/rendering.rb:30:in `process_action'
actionpack (5.2.0) lib/abstract_controller/callbacks.rb:42:in `block in process_action'
activesupport (5.2.0) lib/active_support/callbacks.rb:132:in `run_callbacks'
actionpack (5.2.0) lib/abstract_controller/callbacks.rb:41:in `process_action'
actionpack (5.2.0) lib/action_controller/metal/rescue.rb:22:in `process_action'
actionpack (5.2.0) lib/action_controller/metal/instrumentation.rb:34:in `block in process_action'
activesupport (5.2.0) lib/active_support/notifications.rb:168:in `block in instrument'
activesupport (5.2.0) lib/active_support/notifications/instrumenter.rb:23:in `instrument'
activesupport (5.2.0) lib/active_support/notifications.rb:168:in `instrument'
actionpack (5.2.0) lib/action_controller/metal/instrumentation.rb:32:in `process_action'
actionpack (5.2.0) lib/action_controller/metal/params_wrapper.rb:256:in `process_action'
activerecord (5.2.0) lib/active_record/railties/controller_runtime.rb:24:in `process_action'
actionpack (5.2.0) lib/abstract_controller/base.rb:134:in `process'
actionview (5.2.0) lib/action_view/rendering.rb:32:in `process'
actionpack (5.2.0) lib/action_controller/metal.rb:191:in `dispatch'
actionpack (5.2.0) lib/action_controller/metal.rb:252:in `dispatch'
actionpack (5.2.0) lib/action_dispatch/routing/route_set.rb:52:in `dispatch'
actionpack (5.2.0) lib/action_dispatch/routing/route_set.rb:34:in `serve'
actionpack (5.2.0) lib/action_dispatch/journey/router.rb:52:in `block in serve'
actionpack (5.2.0) lib/action_dispatch/journey/router.rb:35:in `each'
actionpack (5.2.0) lib/action_dispatch/journey/router.rb:35:in `serve'
actionpack (5.2.0) lib/action_dispatch/routing/route_set.rb:840:in `call'
rack (2.0.5) lib/rack/tempfile_reaper.rb:15:in `call'
rack (2.0.5) lib/rack/etag.rb:25:in `call'
rack (2.0.5) lib/rack/conditional_get.rb:25:in `call'
rack (2.0.5) lib/rack/head.rb:12:in `call'
actionpack (5.2.0) lib/action_dispatch/http/content_security_policy.rb:18:in `call'
rack (2.0.5) lib/rack/session/abstract/id.rb:232:in `context'
rack (2.0.5) lib/rack/session/abstract/id.rb:226:in `call'
actionpack (5.2.0) lib/action_dispatch/middleware/cookies.rb:670:in `call'
activerecord (5.2.0) lib/active_record/migration.rb:559:in `call'
actionpack (5.2.0) lib/action_dispatch/middleware/callbacks.rb:28:in `block in call'
activesupport (5.2.0) lib/active_support/callbacks.rb:98:in `run_callbacks'
actionpack (5.2.0) lib/action_dispatch/middleware/callbacks.rb:26:in `call'
actionpack (5.2.0) lib/action_dispatch/middleware/executor.rb:14:in `call'
actionpack (5.2.0) lib/action_dispatch/middleware/debug_exceptions.rb:61:in `call'
web-console (3.6.2) lib/web_console/middleware.rb:135:in `call_app'
web-console (3.6.2) lib/web_console/middleware.rb:30:in `block in call'
web-console (3.6.2) lib/web_console/middleware.rb:20:in `catch'
web-console (3.6.2) lib/web_console/middleware.rb:20:in `call'
actionpack (5.2.0) lib/action_dispatch/middleware/show_exceptions.rb:33:in `call'
railties (5.2.0) lib/rails/rack/logger.rb:38:in `call_app'
railties (5.2.0) lib/rails/rack/logger.rb:26:in `block in call'
activesupport (5.2.0) lib/active_support/tagged_logging.rb:71:in `block in tagged'
activesupport (5.2.0) lib/active_support/tagged_logging.rb:28:in `tagged'
activesupport (5.2.0) lib/active_support/tagged_logging.rb:71:in `tagged'
railties (5.2.0) lib/rails/rack/logger.rb:26:in `call'
sprockets-rails (3.2.1) lib/sprockets/rails/quiet_assets.rb:13:in `call'
actionpack (5.2.0) lib/action_dispatch/middleware/remote_ip.rb:81:in `call'
actionpack (5.2.0) lib/action_dispatch/middleware/request_id.rb:27:in `call'
rack (2.0.5) lib/rack/method_override.rb:22:in `call'
rack (2.0.5) lib/rack/runtime.rb:22:in `call'
activesupport (5.2.0) lib/active_support/cache/strategy/local_cache_middleware.rb:29:in `call'
actionpack (5.2.0) lib/action_dispatch/middleware/executor.rb:14:in `call'
actionpack (5.2.0) lib/action_dispatch/middleware/static.rb:127:in `call'
rack (2.0.5) lib/rack/sendfile.rb:111:in `call'
railties (5.2.0) lib/rails/engine.rb:524:in `call'
puma (3.11.4) lib/puma/configuration.rb:225:in `call'
puma (3.11.4) lib/puma/server.rb:632:in `handle_request'
puma (3.11.4) lib/puma/server.rb:446:in `process_client'
puma (3.11.4) lib/puma/server.rb:306:in `block in run'
puma (3.11.4) lib/puma/thread_pool.rb:120:in `block in spawn_thread'
Started GET "/events/new" for 127.0.0.1 at 2018-07-03 17:49:07 +0300
Processing by EventsController#new as HTML
  Rendering events/new.html.erb within layouts/application
  Rendered events/new.html.erb within layouts/application (0.3ms)
Completed 200 OK in 36ms (Views: 34.9ms | ActiveRecord: 0.0ms)


Started GET "/events/new" for 127.0.0.1 at 2018-07-03 17:49:23 +0300
Processing by EventsController#new as HTML
  Rendering events/new.html.erb within layouts/application
  Rendered events/new.html.erb within layouts/application (14.1ms)
Completed 200 OK in 25ms (Views: 24.2ms | ActiveRecord: 0.0ms)


Started GET "/events/new" for 127.0.0.1 at 2018-07-03 17:50:59 +0300
Processing by EventsController#new as HTML
  Rendering events/new.html.erb within layouts/application
  Rendered events/new.html.erb within layouts/application (147.8ms)
Completed 500 Internal Server Error in 151ms (ActiveRecord: 0.0ms)


  
ActionView::Template::Error (undefined local variable or method `articles_path' for #<#<Class:0x00007fb4c1552080>:0x00007fb4c256ff80>
Did you mean?  asset_path):
    1: <%= form_with scope: :article, url: articles_path, local: true do |form| %>
    2:   <p>
    3:     <%= form.label :title %><br>
    4:     <%= form.text_field :title %>
  
app/views/events/new.html.erb:1:in `_app_views_events_new_html_erb__3440232473930899615_70207165671580'
Started GET "/events/new" for 127.0.0.1 at 2018-07-03 17:51:21 +0300
Processing by EventsController#new as HTML
  Rendering events/new.html.erb within layouts/application
  Rendered events/new.html.erb within layouts/application (1.3ms)
Completed 200 OK in 16ms (Views: 14.3ms | ActiveRecord: 0.0ms)


Started GET "/events/new" for 127.0.0.1 at 2018-07-03 17:51:48 +0300
Processing by EventsController#new as HTML
  Rendering events/new.html.erb within layouts/application
  Rendered events/new.html.erb within layouts/application (1.7ms)
Completed 200 OK in 18ms (Views: 16.4ms | ActiveRecord: 0.0ms)


Started GET "/events/new" for 127.0.0.1 at 2018-07-03 17:53:39 +0300
Processing by EventsController#new as HTML
  Rendering events/new.html.erb within layouts/application
  Rendered events/new.html.erb within layouts/application (1.0ms)
Completed 200 OK in 14ms (Views: 12.7ms | ActiveRecord: 0.0ms)


Started POST "/events" for 127.0.0.1 at 2018-07-03 17:53:43 +0300
  
AbstractController::ActionNotFound (The action 'create' could not be found for EventsController):
  
actionpack (5.2.0) lib/abstract_controller/base.rb:129:in `process'
actionview (5.2.0) lib/action_view/rendering.rb:32:in `process'
actionpack (5.2.0) lib/action_controller/metal.rb:191:in `dispatch'
actionpack (5.2.0) lib/action_controller/metal.rb:252:in `dispatch'
actionpack (5.2.0) lib/action_dispatch/routing/route_set.rb:52:in `dispatch'
actionpack (5.2.0) lib/action_dispatch/routing/route_set.rb:34:in `serve'
actionpack (5.2.0) lib/action_dispatch/journey/router.rb:52:in `block in serve'
actionpack (5.2.0) lib/action_dispatch/journey/router.rb:35:in `each'
actionpack (5.2.0) lib/action_dispatch/journey/router.rb:35:in `serve'
actionpack (5.2.0) lib/action_dispatch/routing/route_set.rb:840:in `call'
rack (2.0.5) lib/rack/tempfile_reaper.rb:15:in `call'
rack (2.0.5) lib/rack/etag.rb:25:in `call'
rack (2.0.5) lib/rack/conditional_get.rb:38:in `call'
rack (2.0.5) lib/rack/head.rb:12:in `call'
actionpack (5.2.0) lib/action_dispatch/http/content_security_policy.rb:18:in `call'
rack (2.0.5) lib/rack/session/abstract/id.rb:232:in `context'
rack (2.0.5) lib/rack/session/abstract/id.rb:226:in `call'
actionpack (5.2.0) lib/action_dispatch/middleware/cookies.rb:670:in `call'
activerecord (5.2.0) lib/active_record/migration.rb:559:in `call'
actionpack (5.2.0) lib/action_dispatch/middleware/callbacks.rb:28:in `block in call'
activesupport (5.2.0) lib/active_support/callbacks.rb:98:in `run_callbacks'
actionpack (5.2.0) lib/action_dispatch/middleware/callbacks.rb:26:in `call'
actionpack (5.2.0) lib/action_dispatch/middleware/executor.rb:14:in `call'
actionpack (5.2.0) lib/action_dispatch/middleware/debug_exceptions.rb:61:in `call'
web-console (3.6.2) lib/web_console/middleware.rb:135:in `call_app'
web-console (3.6.2) lib/web_console/middleware.rb:30:in `block in call'
web-console (3.6.2) lib/web_console/middleware.rb:20:in `catch'
web-console (3.6.2) lib/web_console/middleware.rb:20:in `call'
actionpack (5.2.0) lib/action_dispatch/middleware/show_exceptions.rb:33:in `call'
railties (5.2.0) lib/rails/rack/logger.rb:38:in `call_app'
railties (5.2.0) lib/rails/rack/logger.rb:26:in `block in call'
activesupport (5.2.0) lib/active_support/tagged_logging.rb:71:in `block in tagged'
activesupport (5.2.0) lib/active_support/tagged_logging.rb:28:in `tagged'
activesupport (5.2.0) lib/active_support/tagged_logging.rb:71:in `tagged'
railties (5.2.0) lib/rails/rack/logger.rb:26:in `call'
sprockets-rails (3.2.1) lib/sprockets/rails/quiet_assets.rb:13:in `call'
actionpack (5.2.0) lib/action_dispatch/middleware/remote_ip.rb:81:in `call'
actionpack (5.2.0) lib/action_dispatch/middleware/request_id.rb:27:in `call'
rack (2.0.5) lib/rack/method_override.rb:22:in `call'
rack (2.0.5) lib/rack/runtime.rb:22:in `call'
activesupport (5.2.0) lib/active_support/cache/strategy/local_cache_middleware.rb:29:in `call'
actionpack (5.2.0) lib/action_dispatch/middleware/executor.rb:14:in `call'
actionpack (5.2.0) lib/action_dispatch/middleware/static.rb:127:in `call'
rack (2.0.5) lib/rack/sendfile.rb:111:in `call'
railties (5.2.0) lib/rails/engine.rb:524:in `call'
puma (3.11.4) lib/puma/configuration.rb:225:in `call'
puma (3.11.4) lib/puma/server.rb:632:in `handle_request'
puma (3.11.4) lib/puma/server.rb:446:in `process_client'
puma (3.11.4) lib/puma/server.rb:306:in `block in run'
puma (3.11.4) lib/puma/thread_pool.rb:120:in `block in spawn_thread'
Started POST "/events" for 127.0.0.1 at 2018-07-03 17:53:54 +0300
  
AbstractController::ActionNotFound (The action 'create' could not be found for EventsController):
  
actionpack (5.2.0) lib/abstract_controller/base.rb:129:in `process'
actionview (5.2.0) lib/action_view/rendering.rb:32:in `process'
actionpack (5.2.0) lib/action_controller/metal.rb:191:in `dispatch'
actionpack (5.2.0) lib/action_controller/metal.rb:252:in `dispatch'
actionpack (5.2.0) lib/action_dispatch/routing/route_set.rb:52:in `dispatch'
actionpack (5.2.0) lib/action_dispatch/routing/route_set.rb:34:in `serve'
actionpack (5.2.0) lib/action_dispatch/journey/router.rb:52:in `block in serve'
actionpack (5.2.0) lib/action_dispatch/journey/router.rb:35:in `each'
actionpack (5.2.0) lib/action_dispatch/journey/router.rb:35:in `serve'
actionpack (5.2.0) lib/action_dispatch/routing/route_set.rb:840:in `call'
rack (2.0.5) lib/rack/tempfile_reaper.rb:15:in `call'
rack (2.0.5) lib/rack/etag.rb:25:in `call'
rack (2.0.5) lib/rack/conditional_get.rb:38:in `call'
rack (2.0.5) lib/rack/head.rb:12:in `call'
actionpack (5.2.0) lib/action_dispatch/http/content_security_policy.rb:18:in `call'
rack (2.0.5) lib/rack/session/abstract/id.rb:232:in `context'
rack (2.0.5) lib/rack/session/abstract/id.rb:226:in `call'
actionpack (5.2.0) lib/action_dispatch/middleware/cookies.rb:670:in `call'
activerecord (5.2.0) lib/active_record/migration.rb:559:in `call'
actionpack (5.2.0) lib/action_dispatch/middleware/callbacks.rb:28:in `block in call'
activesupport (5.2.0) lib/active_support/callbacks.rb:98:in `run_callbacks'
actionpack (5.2.0) lib/action_dispatch/middleware/callbacks.rb:26:in `call'
actionpack (5.2.0) lib/action_dispatch/middleware/executor.rb:14:in `call'
actionpack (5.2.0) lib/action_dispatch/middleware/debug_exceptions.rb:61:in `call'
web-console (3.6.2) lib/web_console/middleware.rb:135:in `call_app'
web-console (3.6.2) lib/web_console/middleware.rb:30:in `block in call'
web-console (3.6.2) lib/web_console/middleware.rb:20:in `catch'
web-console (3.6.2) lib/web_console/middleware.rb:20:in `call'
actionpack (5.2.0) lib/action_dispatch/middleware/show_exceptions.rb:33:in `call'
railties (5.2.0) lib/rails/rack/logger.rb:38:in `call_app'
railties (5.2.0) lib/rails/rack/logger.rb:26:in `block in call'
activesupport (5.2.0) lib/active_support/tagged_logging.rb:71:in `block in tagged'
activesupport (5.2.0) lib/active_support/tagged_logging.rb:28:in `tagged'
activesupport (5.2.0) lib/active_support/tagged_logging.rb:71:in `tagged'
railties (5.2.0) lib/rails/rack/logger.rb:26:in `call'
sprockets-rails (3.2.1) lib/sprockets/rails/quiet_assets.rb:13:in `call'
actionpack (5.2.0) lib/action_dispatch/middleware/remote_ip.rb:81:in `call'
actionpack (5.2.0) lib/action_dispatch/middleware/request_id.rb:27:in `call'
rack (2.0.5) lib/rack/method_override.rb:22:in `call'
rack (2.0.5) lib/rack/runtime.rb:22:in `call'
activesupport (5.2.0) lib/active_support/cache/strategy/local_cache_middleware.rb:29:in `call'
actionpack (5.2.0) lib/action_dispatch/middleware/executor.rb:14:in `call'
actionpack (5.2.0) lib/action_dispatch/middleware/static.rb:127:in `call'
rack (2.0.5) lib/rack/sendfile.rb:111:in `call'
railties (5.2.0) lib/rails/engine.rb:524:in `call'
puma (3.11.4) lib/puma/configuration.rb:225:in `call'
puma (3.11.4) lib/puma/server.rb:632:in `handle_request'
puma (3.11.4) lib/puma/server.rb:446:in `process_client'
puma (3.11.4) lib/puma/server.rb:306:in `block in run'
puma (3.11.4) lib/puma/thread_pool.rb:120:in `block in spawn_thread'
Started POST "/events" for 127.0.0.1 at 2018-07-03 17:54:38 +0300
Processing by EventsController#create as HTML
  Parameters: {"utf8"=>"✓", "authenticity_token"=>"5yVHKLougOeTV2xgddp1aC0osuhG7IvlejnlYDJFIuLaqW29LNEb5KOf+3LQ9Yu+gXsZG/v7LPBsQJTpM/1Xhw==", "event"=>{"definition"=>"1adasf", "date"=>"asfasfaf"}, "commit"=>"Save Event"}
  Rendering text template
  Rendered text template (0.0ms)
Completed 200 OK in 2ms (Views: 1.0ms | ActiveRecord: 0.0ms)


Started POST "/events" for 127.0.0.1 at 2018-07-03 17:56:09 +0300
  
ActiveRecord::PendingMigrationError (

Migrations are pending. To resolve this issue, run:

        bin/rails db:migrate RAILS_ENV=development

):
  
activerecord (5.2.0) lib/active_record/migration.rb:579:in `check_pending!'
activerecord (5.2.0) lib/active_record/migration.rb:556:in `call'
actionpack (5.2.0) lib/action_dispatch/middleware/callbacks.rb:28:in `block in call'
activesupport (5.2.0) lib/active_support/callbacks.rb:98:in `run_callbacks'
actionpack (5.2.0) lib/action_dispatch/middleware/callbacks.rb:26:in `call'
actionpack (5.2.0) lib/action_dispatch/middleware/executor.rb:14:in `call'
actionpack (5.2.0) lib/action_dispatch/middleware/debug_exceptions.rb:61:in `call'
web-console (3.6.2) lib/web_console/middleware.rb:135:in `call_app'
web-console (3.6.2) lib/web_console/middleware.rb:30:in `block in call'
web-console (3.6.2) lib/web_console/middleware.rb:20:in `catch'
web-console (3.6.2) lib/web_console/middleware.rb:20:in `call'
actionpack (5.2.0) lib/action_dispatch/middleware/show_exceptions.rb:33:in `call'
railties (5.2.0) lib/rails/rack/logger.rb:38:in `call_app'
railties (5.2.0) lib/rails/rack/logger.rb:26:in `block in call'
activesupport (5.2.0) lib/active_support/tagged_logging.rb:71:in `block in tagged'
activesupport (5.2.0) lib/active_support/tagged_logging.rb:28:in `tagged'
activesupport (5.2.0) lib/active_support/tagged_logging.rb:71:in `tagged'
railties (5.2.0) lib/rails/rack/logger.rb:26:in `call'
sprockets-rails (3.2.1) lib/sprockets/rails/quiet_assets.rb:13:in `call'
actionpack (5.2.0) lib/action_dispatch/middleware/remote_ip.rb:81:in `call'
actionpack (5.2.0) lib/action_dispatch/middleware/request_id.rb:27:in `call'
rack (2.0.5) lib/rack/method_override.rb:22:in `call'
rack (2.0.5) lib/rack/runtime.rb:22:in `call'
activesupport (5.2.0) lib/active_support/cache/strategy/local_cache_middleware.rb:29:in `call'
actionpack (5.2.0) lib/action_dispatch/middleware/executor.rb:14:in `call'
actionpack (5.2.0) lib/action_dispatch/middleware/static.rb:127:in `call'
rack (2.0.5) lib/rack/sendfile.rb:111:in `call'
railties (5.2.0) lib/rails/engine.rb:524:in `call'
puma (3.11.4) lib/puma/configuration.rb:225:in `call'
puma (3.11.4) lib/puma/server.rb:632:in `handle_request'
puma (3.11.4) lib/puma/server.rb:446:in `process_client'
puma (3.11.4) lib/puma/server.rb:306:in `block in run'
puma (3.11.4) lib/puma/thread_pool.rb:120:in `block in spawn_thread'
  [1m[35m (0.1ms)[0m  [1m[34mSELECT sqlite_version(*)[0m
  ↳ /usr/lib/ruby/vendor_ruby/rake/task.rb:271
  [1m[35m (5.8ms)[0m  [1m[35mCREATE TABLE "schema_migrations" ("version" varchar NOT NULL PRIMARY KEY)[0m
  ↳ /usr/lib/ruby/vendor_ruby/rake/task.rb:271
  [1m[35m (4.8ms)[0m  [1m[35mCREATE TABLE "ar_internal_metadata" ("key" varchar NOT NULL PRIMARY KEY, "value" varchar, "created_at" datetime NOT NULL, "updated_at" datetime NOT NULL)[0m
  ↳ /usr/lib/ruby/vendor_ruby/rake/task.rb:271
  [1m[35m (0.1ms)[0m  [1m[34mSELECT "schema_migrations"."version" FROM "schema_migrations" ORDER BY "schema_migrations"."version" ASC[0m
  ↳ /usr/lib/ruby/vendor_ruby/rake/task.rb:271
Migrating to CreateEvents (20180703145558)
  [1m[35m (0.0ms)[0m  [1m[36mbegin transaction[0m
  ↳ /usr/lib/ruby/vendor_ruby/rake/task.rb:271
  [1m[35m (0.2ms)[0m  [1m[35mCREATE TABLE "events" ("id" integer PRIMARY KEY AUTOINCREMENT NOT NULL, "definition" varchar, "date" varchar, "created_at" datetime NOT NULL, "updated_at" datetime NOT NULL)[0m
  ↳ db/migrate/20180703145558_create_events.rb:3
  [1m[36mActiveRecord::SchemaMigration Create (0.1ms)[0m  [1m[32mINSERT INTO "schema_migrations" ("version") VALUES (?)[0m  [["version", "20180703145558"]]
  ↳ /usr/lib/ruby/vendor_ruby/rake/task.rb:271
  [1m[35m (7.7ms)[0m  [1m[36mcommit transaction[0m
  ↳ /usr/lib/ruby/vendor_ruby/rake/task.rb:271
  [1m[36mActiveRecord::InternalMetadata Load (0.1ms)[0m  [1m[34mSELECT  "ar_internal_metadata".* FROM "ar_internal_metadata" WHERE "ar_internal_metadata"."key" = ? LIMIT ?[0m  [["key", "environment"], ["LIMIT", 1]]
  ↳ /usr/lib/ruby/vendor_ruby/rake/task.rb:271
  [1m[35m (0.0ms)[0m  [1m[36mbegin transaction[0m
  ↳ /usr/lib/ruby/vendor_ruby/rake/task.rb:271
  [1m[36mActiveRecord::InternalMetadata Create (0.1ms)[0m  [1m[32mINSERT INTO "ar_internal_metadata" ("key", "value", "created_at", "updated_at") VALUES (?, ?, ?, ?)[0m  [["key", "environment"], ["value", "development"], ["created_at", "2018-07-03 14:56:34.669064"], ["updated_at", "2018-07-03 14:56:34.669064"]]
  ↳ /usr/lib/ruby/vendor_ruby/rake/task.rb:271
  [1m[35m (3.6ms)[0m  [1m[36mcommit transaction[0m
  ↳ /usr/lib/ruby/vendor_ruby/rake/task.rb:271
  [1m[35m (0.1ms)[0m  [1m[34mSELECT "schema_migrations"."version" FROM "schema_migrations" ORDER BY "schema_migrations"."version" ASC[0m
  ↳ /usr/lib/ruby/vendor_ruby/rake/task.rb:271
Started POST "/events" for 127.0.0.1 at 2018-07-03 17:58:33 +0300
  [1m[35m (0.1ms)[0m  [1m[34mSELECT "schema_migrations"."version" FROM "schema_migrations" ORDER BY "schema_migrations"."version" ASC[0m
  ↳ /var/lib/gems/2.5.0/gems/activerecord-5.2.0/lib/active_record/log_subscriber.rb:98
  
SyntaxError (/home/musa/projeler/Calendar-App-web-server-Repo/calendar/app/controllers/events_controller.rb:11: syntax error, unexpected end-of-input, expecting keyword_end):
  
app/controllers/events_controller.rb:11: syntax error, unexpected end-of-input, expecting keyword_end
Started POST "/events" for 127.0.0.1 at 2018-07-03 17:58:53 +0300
Processing by EventsController#create as HTML
  Parameters: {"utf8"=>"✓", "authenticity_token"=>"5yVHKLougOeTV2xgddp1aC0osuhG7IvlejnlYDJFIuLaqW29LNEb5KOf+3LQ9Yu+gXsZG/v7LPBsQJTpM/1Xhw==", "event"=>{"definition"=>"1adasf", "date"=>"asfasfaf"}, "commit"=>"Save Event"}
Completed 500 Internal Server Error in 6ms (ActiveRecord: 0.5ms)


  
ActiveModel::ForbiddenAttributesError (ActiveModel::ForbiddenAttributesError):
  
app/controllers/events_controller.rb:7:in `create'
Started POST "/events" for 127.0.0.1 at 2018-07-03 18:07:10 +0300
Processing by EventsController#create as HTML
  Parameters: {"utf8"=>"✓", "authenticity_token"=>"5yVHKLougOeTV2xgddp1aC0osuhG7IvlejnlYDJFIuLaqW29LNEb5KOf+3LQ9Yu+gXsZG/v7LPBsQJTpM/1Xhw==", "event"=>{"definition"=>"1adasf", "date"=>"asfasfaf"}, "commit"=>"Save Event"}
  [1m[35m (0.0ms)[0m  [1m[36mbegin transaction[0m
  ↳ app/controllers/events_controller.rb:13
  [1m[36mEvent Create (0.7ms)[0m  [1m[32mINSERT INTO "events" ("definition", "date", "created_at", "updated_at") VALUES (?, ?, ?, ?)[0m  [["definition", "1adasf"], ["date", "asfasfaf"], ["created_at", "2018-07-03 15:07:10.117489"], ["updated_at", "2018-07-03 15:07:10.117489"]]
  ↳ app/controllers/events_controller.rb:13
  [1m[35m (3.8ms)[0m  [1m[36mcommit transaction[0m
  ↳ app/controllers/events_controller.rb:13
Redirected to http://localhost:3000/events/1
Completed 302 Found in 12ms (ActiveRecord: 5.0ms)


Started GET "/events/1" for 127.0.0.1 at 2018-07-03 18:07:10 +0300
Processing by EventsController#show as HTML
  Parameters: {"id"=>"1"}
  [1m[36mEvent Load (0.2ms)[0m  [1m[34mSELECT  "events".* FROM "events" WHERE "events"."id" = ? LIMIT ?[0m  [["id", 1], ["LIMIT", 1]]
  ↳ app/controllers/events_controller.rb:7
  Rendering events/show.html.erb within layouts/application
  Rendered events/show.html.erb within layouts/application (0.4ms)
Completed 200 OK in 15ms (Views: 12.0ms | ActiveRecord: 0.2ms)


Started GET "/events/1" for 127.0.0.1 at 2018-07-03 18:15:32 +0300
Processing by EventsController#show as HTML
  Parameters: {"id"=>"1"}
  [1m[36mEvent Load (0.1ms)[0m  [1m[34mSELECT  "events".* FROM "events" WHERE "events"."id" = ? LIMIT ?[0m  [["id", 1], ["LIMIT", 1]]
  ↳ app/controllers/events_controller.rb:11
  Rendering events/show.html.erb within layouts/application
  Rendered events/show.html.erb within layouts/application (0.5ms)
Completed 200 OK in 26ms (Views: 18.3ms | ActiveRecord: 0.5ms)


Started GET "/events/" for 127.0.0.1 at 2018-07-03 18:15:55 +0300
Processing by EventsController#index as HTML
  Rendering events/index.html.erb within layouts/application
  [1m[36mEvent Load (0.1ms)[0m  [1m[34mSELECT "events".* FROM "events"[0m
  ↳ app/views/events/index.html.erb:10
  Rendered events/index.html.erb within layouts/application (1.2ms)
Completed 200 OK in 19ms (Views: 18.0ms | ActiveRecord: 0.1ms)


Started GET "/" for 127.0.0.1 at 2018-07-03 18:16:06 +0300
Processing by WelcomeController#index as HTML
  Rendering welcome/index.html.erb within layouts/application
  Rendered welcome/index.html.erb within layouts/application (0.3ms)
Completed 200 OK in 13ms (Views: 12.1ms | ActiveRecord: 0.0ms)


Started GET "/events/1" for 127.0.0.1 at 2018-07-03 18:17:39 +0300
Processing by EventsController#show as HTML
  Parameters: {"id"=>"1"}
  [1m[36mEvent Load (0.2ms)[0m  [1m[34mSELECT  "events".* FROM "events" WHERE "events"."id" = ? LIMIT ?[0m  [["id", 1], ["LIMIT", 1]]
  ↳ app/controllers/events_controller.rb:11
  Rendering events/show.html.erb within layouts/application
  Rendered events/show.html.erb within layouts/application (0.4ms)
Completed 200 OK in 23ms (Views: 19.6ms | ActiveRecord: 0.2ms)


Started GET "/events/1" for 127.0.0.1 at 2018-07-03 18:23:11 +0300
Processing by EventsController#show as HTML
  Parameters: {"id"=>"1"}
  [1m[36mEvent Load (0.1ms)[0m  [1m[34mSELECT  "events".* FROM "events" WHERE "events"."id" = ? LIMIT ?[0m  [["id", 1], ["LIMIT", 1]]
  ↳ app/controllers/events_controller.rb:11
  Rendering events/show.html.erb within layouts/application
  Rendered events/show.html.erb within layouts/application (0.5ms)
Completed 200 OK in 13ms (Views: 11.5ms | ActiveRecord: 0.1ms)


Started GET "/events" for 127.0.0.1 at 2018-07-03 18:23:13 +0300
Processing by EventsController#index as HTML
  Rendering events/index.html.erb within layouts/application
  [1m[36mEvent Load (0.2ms)[0m  [1m[34mSELECT "events".* FROM "events"[0m
  ↳ app/views/events/index.html.erb:11
  Rendered events/index.html.erb within layouts/application (1.7ms)
Completed 200 OK in 21ms (Views: 19.6ms | ActiveRecord: 0.2ms)


Started GET "/events/new" for 127.0.0.1 at 2018-07-03 18:23:15 +0300
Processing by EventsController#new as HTML
  Rendering events/new.html.erb within layouts/application
  Rendered events/new.html.erb within layouts/application (2.2ms)
Completed 200 OK in 19ms (Views: 17.9ms | ActiveRecord: 0.0ms)


Started GET "/events" for 127.0.0.1 at 2018-07-03 18:23:16 +0300
Processing by EventsController#index as HTML
  Rendering events/index.html.erb within layouts/application
  [1m[36mEvent Load (0.2ms)[0m  [1m[34mSELECT "events".* FROM "events"[0m
  ↳ app/views/events/index.html.erb:11
  Rendered events/index.html.erb within layouts/application (2.1ms)
Completed 200 OK in 18ms (Views: 16.1ms | ActiveRecord: 0.2ms)


Started GET "/events/1" for 127.0.0.1 at 2018-07-03 18:23:17 +0300
Processing by EventsController#show as HTML
  Parameters: {"id"=>"1"}
  [1m[36mEvent Load (0.3ms)[0m  [1m[34mSELECT  "events".* FROM "events" WHERE "events"."id" = ? LIMIT ?[0m  [["id", 1], ["LIMIT", 1]]
  ↳ app/controllers/events_controller.rb:11
  Rendering events/show.html.erb within layouts/application
  Rendered events/show.html.erb within layouts/application (0.5ms)
Completed 200 OK in 17ms (Views: 14.8ms | ActiveRecord: 0.3ms)


Started GET "/events" for 127.0.0.1 at 2018-07-03 18:23:18 +0300
Processing by EventsController#index as HTML
  Rendering events/index.html.erb within layouts/application
  [1m[36mEvent Load (0.2ms)[0m  [1m[34mSELECT "events".* FROM "events"[0m
  ↳ app/views/events/index.html.erb:11
  Rendered events/index.html.erb within layouts/application (1.7ms)
Completed 200 OK in 19ms (Views: 17.3ms | ActiveRecord: 0.2ms)


Started GET "/" for 127.0.0.1 at 2018-07-03 18:23:21 +0300
Processing by WelcomeController#index as HTML
  Rendering welcome/index.html.erb within layouts/application
  Rendered welcome/index.html.erb within layouts/application (1.1ms)
Completed 200 OK in 24ms (Views: 22.7ms | ActiveRecord: 0.0ms)


Started GET "/events" for 127.0.0.1 at 2018-07-03 18:23:23 +0300
Processing by EventsController#index as HTML
  Rendering events/index.html.erb within layouts/application
  [1m[36mEvent Load (0.2ms)[0m  [1m[34mSELECT "events".* FROM "events"[0m
  ↳ app/views/events/index.html.erb:11
  Rendered events/index.html.erb within layouts/application (2.0ms)
Completed 200 OK in 18ms (Views: 16.1ms | ActiveRecord: 0.2ms)


Started GET "/events" for 127.0.0.1 at 2018-07-03 18:23:31 +0300
Processing by EventsController#index as HTML
  Rendering events/index.html.erb within layouts/application
  [1m[36mEvent Load (0.1ms)[0m  [1m[34mSELECT "events".* FROM "events"[0m
  ↳ app/views/events/index.html.erb:11
  Rendered events/index.html.erb within layouts/application (1.5ms)
Completed 200 OK in 19ms (Views: 17.1ms | ActiveRecord: 0.1ms)


Started GET "/events/1" for 127.0.0.1 at 2018-07-03 18:23:36 +0300
Processing by EventsController#show as HTML
  Parameters: {"id"=>"1"}
  [1m[36mEvent Load (0.1ms)[0m  [1m[34mSELECT  "events".* FROM "events" WHERE "events"."id" = ? LIMIT ?[0m  [["id", 1], ["LIMIT", 1]]
  ↳ app/controllers/events_controller.rb:11
  Rendering events/show.html.erb within layouts/application
  Rendered events/show.html.erb within layouts/application (0.7ms)
Completed 200 OK in 17ms (Views: 15.3ms | ActiveRecord: 0.1ms)


Started GET "/events" for 127.0.0.1 at 2018-07-03 18:23:41 +0300
Processing by EventsController#index as HTML
  Rendering events/index.html.erb within layouts/application
  [1m[36mEvent Load (0.2ms)[0m  [1m[34mSELECT "events".* FROM "events"[0m
  ↳ app/views/events/index.html.erb:11
  Rendered events/index.html.erb within layouts/application (1.6ms)
Completed 200 OK in 17ms (Views: 15.0ms | ActiveRecord: 0.2ms)


Started GET "/" for 127.0.0.1 at 2018-07-03 18:23:57 +0300
Processing by WelcomeController#index as HTML
  Rendering welcome/index.html.erb within layouts/application
  Rendered welcome/index.html.erb within layouts/application (0.7ms)
Completed 200 OK in 20ms (Views: 18.7ms | ActiveRecord: 0.0ms)


Started GET "/events" for 127.0.0.1 at 2018-07-03 18:29:50 +0300
Processing by EventsController#index as HTML
Completed 500 Internal Server Error in 1ms (ActiveRecord: 0.0ms)


  
SyntaxError (/home/musa/projeler/Calendar-App-web-server-Repo/calendar/app/models/event.rb:4: syntax error, unexpected tCONSTANT, expecting keyword_end
        // TODO: date için gün/ay/yıl gib...
           ^~~~
/home/musa/projeler/Calendar-App-web-server-Repo/calendar/app/models/event.rb:4: syntax error, unexpected tIDENTIFIER, expecting keyword_do or '{' or '('
...O: date için gün/ay/yıl gibi bir format kontrolü yapıla...
...                           ^~~~):
  
app/models/event.rb:4: syntax error, unexpected tCONSTANT, expecting keyword_end
app/models/event.rb:4: syntax error, unexpected tIDENTIFIER, expecting keyword_do or '{' or '('
app/controllers/events_controller.rb:7:in `index'
Started GET "/events" for 127.0.0.1 at 2018-07-03 18:31:26 +0300
Processing by EventsController#index as HTML
Completed 500 Internal Server Error in 11ms (ActiveRecord: 0.0ms)


  
NoMethodError (undefined method `events' for #<Class:0x00007fb4c26c61b8>):
  
app/models/event.rb:3:in `<class:Event>'
app/models/event.rb:2:in `<class:Event>'
app/models/event.rb:1:in `<main>'
app/controllers/events_controller.rb:7:in `index'
Started GET "/events" for 127.0.0.1 at 2018-07-03 18:32:34 +0300
Processing by EventsController#index as HTML
  Rendering events/index.html.erb within layouts/application
  [1m[36mEvent Load (0.1ms)[0m  [1m[34mSELECT "events".* FROM "events"[0m
  ↳ app/views/events/index.html.erb:11
  Rendered events/index.html.erb within layouts/application (4.9ms)
Completed 200 OK in 19ms (Views: 15.9ms | ActiveRecord: 0.6ms)


Started GET "/events/new" for 127.0.0.1 at 2018-07-03 18:32:37 +0300
Processing by EventsController#new as HTML
Completed 500 Internal Server Error in 2ms (ActiveRecord: 0.0ms)


  
NameError (uninitialized constant EventsController::Article):
  
app/controllers/events_controller.rb:3:in `new'
Started GET "/events" for 127.0.0.1 at 2018-07-03 18:32:46 +0300
Processing by EventsController#index as HTML
  Rendering events/index.html.erb within layouts/application
  [1m[36mEvent Load (0.2ms)[0m  [1m[34mSELECT "events".* FROM "events"[0m
  ↳ app/views/events/index.html.erb:11
  Rendered events/index.html.erb within layouts/application (1.8ms)
Completed 200 OK in 15ms (Views: 13.7ms | ActiveRecord: 0.2ms)


Started GET "/events/new" for 127.0.0.1 at 2018-07-03 18:33:13 +0300
Processing by EventsController#new as HTML
  Rendering events/new.html.erb within layouts/application
  Rendered events/new.html.erb within layouts/application (1.8ms)
Completed 200 OK in 18ms (Views: 12.6ms | ActiveRecord: 0.5ms)


Started POST "/events" for 127.0.0.1 at 2018-07-03 18:33:19 +0300
Processing by EventsController#create as HTML
  Parameters: {"utf8"=>"✓", "authenticity_token"=>"zHNPTauioibAR+1YTxyVWxvmrVj+3DFH5lOvu57RQD5yrtUNBKyC+/3egMs8M7QFmbswE/hC/qXwc/RWy5DfZA==", "event"=>{"definition"=>"asfa", "date"=>"afasfg"}, "commit"=>"Save Event"}
  [1m[35m (0.1ms)[0m  [1m[36mbegin transaction[0m
  ↳ app/controllers/events_controller.rb:17
  [1m[36mEvent Create (0.7ms)[0m  [1m[32mINSERT INTO "events" ("definition", "date", "created_at", "updated_at") VALUES (?, ?, ?, ?)[0m  [["definition", "asfa"], ["date", "afasfg"], ["created_at", "2018-07-03 15:33:19.335173"], ["updated_at", "2018-07-03 15:33:19.335173"]]
  ↳ app/controllers/events_controller.rb:17
  [1m[35m (5.2ms)[0m  [1m[36mcommit transaction[0m
  ↳ app/controllers/events_controller.rb:17
Redirected to http://localhost:3000/events/2
Completed 302 Found in 10ms (ActiveRecord: 5.9ms)


Started GET "/events/2" for 127.0.0.1 at 2018-07-03 18:33:19 +0300
Processing by EventsController#show as HTML
  Parameters: {"id"=>"2"}
  [1m[36mEvent Load (0.2ms)[0m  [1m[34mSELECT  "events".* FROM "events" WHERE "events"."id" = ? LIMIT ?[0m  [["id", 2], ["LIMIT", 1]]
  ↳ app/controllers/events_controller.rb:11
  Rendering events/show.html.erb within layouts/application
  Rendered events/show.html.erb within layouts/application (0.6ms)
Completed 200 OK in 19ms (Views: 16.5ms | ActiveRecord: 0.2ms)


Started GET "/events" for 127.0.0.1 at 2018-07-03 18:33:24 +0300
Processing by EventsController#index as HTML
  Rendering events/index.html.erb within layouts/application
  [1m[36mEvent Load (0.2ms)[0m  [1m[34mSELECT "events".* FROM "events"[0m
  ↳ app/views/events/index.html.erb:11
  Rendered events/index.html.erb within layouts/application (1.8ms)
Completed 200 OK in 17ms (Views: 15.1ms | ActiveRecord: 0.2ms)


Started GET "/events/new" for 127.0.0.1 at 2018-07-03 18:33:27 +0300
Processing by EventsController#new as HTML
  Rendering events/new.html.erb within layouts/application
  Rendered events/new.html.erb within layouts/application (1.8ms)
Completed 200 OK in 18ms (Views: 15.9ms | ActiveRecord: 0.0ms)


Started POST "/events" for 127.0.0.1 at 2018-07-03 18:33:31 +0300
Processing by EventsController#create as HTML
  Parameters: {"utf8"=>"✓", "authenticity_token"=>"GGwSDzYzVx/cF11Po5zfA0flxSUDpUl0XwdDc9gegymmsYhPmT13wuGOMNzQs/5dxbhYbgU7hpZJJxiejV8ccw==", "event"=>{"definition"=>"as", "date"=>"asf"}, "commit"=>"Save Event"}
  [1m[35m (0.1ms)[0m  [1m[36mbegin transaction[0m
  ↳ app/controllers/events_controller.rb:17
  [1m[36mEvent Create (0.5ms)[0m  [1m[32mINSERT INTO "events" ("definition", "date", "created_at", "updated_at") VALUES (?, ?, ?, ?)[0m  [["definition", "as"], ["date", "asf"], ["created_at", "2018-07-03 15:33:31.953460"], ["updated_at", "2018-07-03 15:33:31.953460"]]
  ↳ app/controllers/events_controller.rb:17
  [1m[35m (5.4ms)[0m  [1m[36mcommit transaction[0m
  ↳ app/controllers/events_controller.rb:17
Redirected to http://localhost:3000/events/3
Completed 302 Found in 9ms (ActiveRecord: 5.9ms)


Started GET "/events/3" for 127.0.0.1 at 2018-07-03 18:33:31 +0300
Processing by EventsController#show as HTML
  Parameters: {"id"=>"3"}
  [1m[36mEvent Load (0.1ms)[0m  [1m[34mSELECT  "events".* FROM "events" WHERE "events"."id" = ? LIMIT ?[0m  [["id", 3], ["LIMIT", 1]]
  ↳ app/controllers/events_controller.rb:11
  Rendering events/show.html.erb within layouts/application
  Rendered events/show.html.erb within layouts/application (0.5ms)
Completed 200 OK in 14ms (Views: 12.2ms | ActiveRecord: 0.1ms)


Started GET "/events" for 127.0.0.1 at 2018-07-03 18:33:35 +0300
Processing by EventsController#index as HTML
  Rendering events/index.html.erb within layouts/application
  [1m[36mEvent Load (0.2ms)[0m  [1m[34mSELECT "events".* FROM "events"[0m
  ↳ app/views/events/index.html.erb:11
  Rendered events/index.html.erb within layouts/application (2.1ms)
Completed 200 OK in 18ms (Views: 15.8ms | ActiveRecord: 0.2ms)


Started GET "/events/new" for 127.0.0.1 at 2018-07-03 18:33:36 +0300
Processing by EventsController#new as HTML
  Rendering events/new.html.erb within layouts/application
  Rendered events/new.html.erb within layouts/application (1.7ms)
Completed 200 OK in 22ms (Views: 21.2ms | ActiveRecord: 0.0ms)


Started POST "/events" for 127.0.0.1 at 2018-07-03 18:33:40 +0300
Processing by EventsController#create as HTML
  Parameters: {"utf8"=>"✓", "authenticity_token"=>"chG17ejVQQg0fvey/6CPq/Q4RywnntwgpVf/W0vIbv7MzC+tR9th1QnnmiGMj671dmXaZyEAE8Kzd6S2HonxpA==", "event"=>{"definition"=>"asfasfasf", "date"=>""}, "commit"=>"Save Event"}
  [1m[35m (0.1ms)[0m  [1m[36mbegin transaction[0m
  ↳ app/controllers/events_controller.rb:17
  [1m[36mEvent Create (0.6ms)[0m  [1m[32mINSERT INTO "events" ("definition", "date", "created_at", "updated_at") VALUES (?, ?, ?, ?)[0m  [["definition", "asfasfasf"], ["date", ""], ["created_at", "2018-07-03 15:33:40.840775"], ["updated_at", "2018-07-03 15:33:40.840775"]]
  ↳ app/controllers/events_controller.rb:17
  [1m[35m (5.1ms)[0m  [1m[36mcommit transaction[0m
  ↳ app/controllers/events_controller.rb:17
Redirected to http://localhost:3000/events/4
Completed 302 Found in 10ms (ActiveRecord: 5.8ms)


Started GET "/events/4" for 127.0.0.1 at 2018-07-03 18:33:40 +0300
Processing by EventsController#show as HTML
  Parameters: {"id"=>"4"}
  [1m[36mEvent Load (0.1ms)[0m  [1m[34mSELECT  "events".* FROM "events" WHERE "events"."id" = ? LIMIT ?[0m  [["id", 4], ["LIMIT", 1]]
  ↳ app/controllers/events_controller.rb:11
  Rendering events/show.html.erb within layouts/application
  Rendered events/show.html.erb within layouts/application (0.6ms)
Completed 200 OK in 13ms (Views: 11.6ms | ActiveRecord: 0.1ms)


Started GET "/events" for 127.0.0.1 at 2018-07-03 18:33:43 +0300
Processing by EventsController#index as HTML
  Rendering events/index.html.erb within layouts/application
  [1m[36mEvent Load (0.2ms)[0m  [1m[34mSELECT "events".* FROM "events"[0m
  ↳ app/views/events/index.html.erb:11
  Rendered events/index.html.erb within layouts/application (1.8ms)
Completed 200 OK in 18ms (Views: 16.7ms | ActiveRecord: 0.2ms)


Started GET "/events/new" for 127.0.0.1 at 2018-07-03 18:34:06 +0300
Processing by EventsController#new as HTML
  Rendering events/new.html.erb within layouts/application
  Rendered events/new.html.erb within layouts/application (1.5ms)
Completed 200 OK in 21ms (Views: 18.6ms | ActiveRecord: 0.0ms)


Started GET "/events" for 127.0.0.1 at 2018-07-03 18:34:14 +0300
Processing by EventsController#index as HTML
  Rendering events/index.html.erb within layouts/application
  [1m[36mEvent Load (0.3ms)[0m  [1m[34mSELECT "events".* FROM "events"[0m
  ↳ app/views/events/index.html.erb:11
  Rendered events/index.html.erb within layouts/application (2.8ms)
Completed 200 OK in 19ms (Views: 16.8ms | ActiveRecord: 0.3ms)


Started GET "/events/new" for 127.0.0.1 at 2018-07-03 18:34:45 +0300
Processing by EventsController#new as HTML
  Rendering events/new.html.erb within layouts/application
  Rendered events/new.html.erb within layouts/application (2.0ms)
Completed 200 OK in 19ms (Views: 16.4ms | ActiveRecord: 0.0ms)


Started POST "/events" for 127.0.0.1 at 2018-07-03 18:34:47 +0300
Processing by EventsController#create as HTML
  Parameters: {"utf8"=>"✓", "authenticity_token"=>"/Qp+LDHEyd23jFTVlr7qlolusZXsu8BT494HNviu9QFD1+RsnsrpAIoVOUblkcvICzMs3uolD7H1/lzbre9qWw==", "event"=>{"definition"=>"", "date"=>""}, "commit"=>"Save Event"}
  [1m[35m (0.1ms)[0m  [1m[36mbegin transaction[0m
  ↳ app/controllers/events_controller.rb:17
  [1m[36mEvent Create (0.6ms)[0m  [1m[32mINSERT INTO "events" ("definition", "date", "created_at", "updated_at") VALUES (?, ?, ?, ?)[0m  [["definition", ""], ["date", ""], ["created_at", "2018-07-03 15:34:47.674104"], ["updated_at", "2018-07-03 15:34:47.674104"]]
  ↳ app/controllers/events_controller.rb:17
  [1m[35m (5.2ms)[0m  [1m[36mcommit transaction[0m
  ↳ app/controllers/events_controller.rb:17
Redirected to http://localhost:3000/events/5
Completed 302 Found in 10ms (ActiveRecord: 5.9ms)


Started GET "/events/5" for 127.0.0.1 at 2018-07-03 18:34:47 +0300
Processing by EventsController#show as HTML
  Parameters: {"id"=>"5"}
  [1m[36mEvent Load (0.1ms)[0m  [1m[34mSELECT  "events".* FROM "events" WHERE "events"."id" = ? LIMIT ?[0m  [["id", 5], ["LIMIT", 1]]
  ↳ app/controllers/events_controller.rb:11
  Rendering events/show.html.erb within layouts/application
  Rendered events/show.html.erb within layouts/application (0.4ms)
Completed 200 OK in 14ms (Views: 12.3ms | ActiveRecord: 0.1ms)


Started GET "/events" for 127.0.0.1 at 2018-07-03 18:34:50 +0300
Processing by EventsController#index as HTML
  Rendering events/index.html.erb within layouts/application
  [1m[36mEvent Load (0.2ms)[0m  [1m[34mSELECT "events".* FROM "events"[0m
  ↳ app/views/events/index.html.erb:11
  Rendered events/index.html.erb within layouts/application (2.3ms)
Completed 200 OK in 27ms (Views: 25.5ms | ActiveRecord: 0.2ms)


Started GET "/events" for 127.0.0.1 at 2018-07-03 18:36:10 +0300
Processing by EventsController#index as HTML
  Rendering events/index.html.erb within layouts/application
  [1m[36mEvent Load (0.1ms)[0m  [1m[34mSELECT "events".* FROM "events"[0m
  ↳ app/views/events/index.html.erb:11
  Rendered events/index.html.erb within layouts/application (5.1ms)
Completed 200 OK in 19ms (Views: 16.2ms | ActiveRecord: 0.5ms)


Started GET "/events/new" for 127.0.0.1 at 2018-07-03 18:36:12 +0300
Processing by EventsController#new as HTML
  Rendering events/new.html.erb within layouts/application
  Rendered events/new.html.erb within layouts/application (2.3ms)
Completed 200 OK in 17ms (Views: 15.8ms | ActiveRecord: 0.0ms)


Started POST "/events" for 127.0.0.1 at 2018-07-03 18:36:18 +0300
Processing by EventsController#create as HTML
  Parameters: {"utf8"=>"✓", "authenticity_token"=>"LbsJxNGbCechmDt9ug5Wu8EJwlbhwPVPt7ImfI+YEPCTZpOEfpUpOhwBVu7JIXflQ1RfHedeOq2hkn2R2tmPqg==", "event"=>{"definition"=>"", "date"=>""}, "commit"=>"Save Event"}
  [1m[35m (0.1ms)[0m  [1m[36mbegin transaction[0m
  ↳ app/controllers/events_controller.rb:17
  [1m[36mEvent Create (0.9ms)[0m  [1m[32mINSERT INTO "events" ("definition", "date", "created_at", "updated_at") VALUES (?, ?, ?, ?)[0m  [["definition", ""], ["date", ""], ["created_at", "2018-07-03 15:36:18.392363"], ["updated_at", "2018-07-03 15:36:18.392363"]]
  ↳ app/controllers/events_controller.rb:17
  [1m[35m (5.2ms)[0m  [1m[36mcommit transaction[0m
  ↳ app/controllers/events_controller.rb:17
Redirected to http://localhost:3000/events/6
Completed 302 Found in 11ms (ActiveRecord: 6.1ms)


Started GET "/events/6" for 127.0.0.1 at 2018-07-03 18:36:18 +0300
Processing by EventsController#show as HTML
  Parameters: {"id"=>"6"}
  [1m[36mEvent Load (0.2ms)[0m  [1m[34mSELECT  "events".* FROM "events" WHERE "events"."id" = ? LIMIT ?[0m  [["id", 6], ["LIMIT", 1]]
  ↳ app/controllers/events_controller.rb:11
  Rendering events/show.html.erb within layouts/application
  Rendered events/show.html.erb within layouts/application (0.5ms)
Completed 200 OK in 16ms (Views: 14.0ms | ActiveRecord: 0.2ms)


Started GET "/events" for 127.0.0.1 at 2018-07-03 18:36:22 +0300
Processing by EventsController#index as HTML
  Rendering events/index.html.erb within layouts/application
  [1m[36mEvent Load (0.2ms)[0m  [1m[34mSELECT "events".* FROM "events"[0m
  ↳ app/views/events/index.html.erb:11
  Rendered events/index.html.erb within layouts/application (1.7ms)
Completed 200 OK in 19ms (Views: 17.0ms | ActiveRecord: 0.2ms)


Started GET "/events" for 127.0.0.1 at 2018-07-03 18:36:33 +0300
Processing by EventsController#index as HTML
  Rendering events/index.html.erb within layouts/application
  [1m[36mEvent Load (0.2ms)[0m  [1m[34mSELECT "events".* FROM "events"[0m
  ↳ app/views/events/index.html.erb:11
  Rendered events/index.html.erb within layouts/application (5.2ms)
Completed 200 OK in 25ms (Views: 22.0ms | ActiveRecord: 0.7ms)


Started GET "/events/new" for 127.0.0.1 at 2018-07-03 18:36:34 +0300
Processing by EventsController#new as HTML
  Rendering events/new.html.erb within layouts/application
  Rendered events/new.html.erb within layouts/application (2.5ms)
Completed 200 OK in 16ms (Views: 14.9ms | ActiveRecord: 0.0ms)


Started POST "/events" for 127.0.0.1 at 2018-07-03 18:36:35 +0300
Processing by EventsController#create as HTML
  Parameters: {"utf8"=>"✓", "authenticity_token"=>"vKQLrzybOk1qPUbiU/UOrK0ucYIjDJZR5kX69P2OnxwCeZHvk5UakFekK3Eg2i/yL3PsySWSWbPwZaEZqM8ARg==", "event"=>{"definition"=>"", "date"=>""}, "commit"=>"Save Event"}
  [1m[35m (0.1ms)[0m  [1m[36mbegin transaction[0m
  ↳ app/controllers/events_controller.rb:17
  [1m[36mEvent Create (0.7ms)[0m  [1m[32mINSERT INTO "events" ("definition", "date", "created_at", "updated_at") VALUES (?, ?, ?, ?)[0m  [["definition", ""], ["date", ""], ["created_at", "2018-07-03 15:36:35.752631"], ["updated_at", "2018-07-03 15:36:35.752631"]]
  ↳ app/controllers/events_controller.rb:17
  [1m[35m (5.0ms)[0m  [1m[36mcommit transaction[0m
  ↳ app/controllers/events_controller.rb:17
Redirected to http://localhost:3000/events/7
Completed 302 Found in 10ms (ActiveRecord: 5.7ms)


Started GET "/events/7" for 127.0.0.1 at 2018-07-03 18:36:35 +0300
Processing by EventsController#show as HTML
  Parameters: {"id"=>"7"}
  [1m[36mEvent Load (0.1ms)[0m  [1m[34mSELECT  "events".* FROM "events" WHERE "events"."id" = ? LIMIT ?[0m  [["id", 7], ["LIMIT", 1]]
  ↳ app/controllers/events_controller.rb:11
  Rendering events/show.html.erb within layouts/application
  Rendered events/show.html.erb within layouts/application (0.5ms)
Completed 200 OK in 14ms (Views: 12.5ms | ActiveRecord: 0.1ms)


Started GET "/events" for 127.0.0.1 at 2018-07-03 18:36:37 +0300
Processing by EventsController#index as HTML
  Rendering events/index.html.erb within layouts/application
  [1m[36mEvent Load (0.2ms)[0m  [1m[34mSELECT "events".* FROM "events"[0m
  ↳ app/views/events/index.html.erb:11
  Rendered events/index.html.erb within layouts/application (2.0ms)
Completed 200 OK in 20ms (Views: 18.5ms | ActiveRecord: 0.2ms)


Started GET "/events" for 127.0.0.1 at 2018-07-03 18:37:04 +0300
Processing by EventsController#index as HTML
  Rendering events/index.html.erb within layouts/application
  [1m[36mEvent Load (0.1ms)[0m  [1m[34mSELECT "events".* FROM "events"[0m
  ↳ app/views/events/index.html.erb:11
  Rendered events/index.html.erb within layouts/application (5.6ms)
Completed 200 OK in 22ms (Views: 19.6ms | ActiveRecord: 0.6ms)


Started GET "/events/new" for 127.0.0.1 at 2018-07-03 18:37:06 +0300
Processing by EventsController#new as HTML
  Rendering events/new.html.erb within layouts/application
  Rendered events/new.html.erb within layouts/application (2.1ms)
Completed 200 OK in 27ms (Views: 24.1ms | ActiveRecord: 0.0ms)


Started POST "/events" for 127.0.0.1 at 2018-07-03 18:37:08 +0300
Processing by EventsController#create as HTML
  Parameters: {"utf8"=>"✓", "authenticity_token"=>"OBJ+GKXls+TBLij4MlBfdX+LM6CYPpMxNG99TL8HPQyGz+RYCuuTOfy3RWtBf34r/dau656gXNMiTyah6kaiVg==", "event"=>{"definition"=>"", "date"=>""}, "commit"=>"Save Event"}
  [1m[35m (0.1ms)[0m  [1m[36mbegin transaction[0m
  ↳ app/controllers/events_controller.rb:17
  [1m[35m (0.1ms)[0m  [1m[31mrollback transaction[0m
  ↳ app/controllers/events_controller.rb:17
  Rendering events/new.html.erb within layouts/application
  Rendered events/new.html.erb within layouts/application (1.8ms)
Completed 200 OK in 20ms (Views: 16.4ms | ActiveRecord: 0.2ms)


Started POST "/events" for 127.0.0.1 at 2018-07-03 18:37:11 +0300
Processing by EventsController#create as HTML
  Parameters: {"utf8"=>"✓", "authenticity_token"=>"fWRsWiSXp4Cbp0zEfu0wi09J28XrThUrC8FaNs+tDqBA6EbPsmg8g6tv29bbws5d4xpwNlZZsj4duCu/zhV7xQ==", "event"=>{"definition"=>"", "date"=>""}, "commit"=>"Save Event"}
  [1m[35m (0.1ms)[0m  [1m[36mbegin transaction[0m
  ↳ app/controllers/events_controller.rb:17
  [1m[35m (0.1ms)[0m  [1m[31mrollback transaction[0m
  ↳ app/controllers/events_controller.rb:17
  Rendering events/new.html.erb within layouts/application
  Rendered events/new.html.erb within layouts/application (1.6ms)
Completed 200 OK in 20ms (Views: 16.2ms | ActiveRecord: 0.2ms)


Started GET "/events" for 127.0.0.1 at 2018-07-03 18:37:13 +0300
Processing by EventsController#index as HTML
  Rendering events/index.html.erb within layouts/application
  [1m[36mEvent Load (0.2ms)[0m  [1m[34mSELECT "events".* FROM "events"[0m
  ↳ app/views/events/index.html.erb:11
  Rendered events/index.html.erb within layouts/application (2.3ms)
Completed 200 OK in 33ms (Views: 31.4ms | ActiveRecord: 0.2ms)


Started GET "/events/new" for 127.0.0.1 at 2018-07-03 18:37:15 +0300
Processing by EventsController#new as HTML
  Rendering events/new.html.erb within layouts/application
  Rendered events/new.html.erb within layouts/application (3.4ms)
Completed 200 OK in 30ms (Views: 26.8ms | ActiveRecord: 0.0ms)


Started POST "/events" for 127.0.0.1 at 2018-07-03 18:37:16 +0300
Processing by EventsController#create as HTML
  Parameters: {"utf8"=>"✓", "authenticity_token"=>"vuubE7qXnRHztA00+EcFkwe97Ioe7NPcn9b+Z7HS/iUANgFTFZm9zM4tYKeLaCTNheBxwRhyHD6J9qWK5JNhfw==", "event"=>{"definition"=>"", "date"=>""}, "commit"=>"Save Event"}
  [1m[35m (0.1ms)[0m  [1m[36mbegin transaction[0m
  ↳ app/controllers/events_controller.rb:17
  [1m[35m (0.1ms)[0m  [1m[31mrollback transaction[0m
  ↳ app/controllers/events_controller.rb:17
  Rendering events/new.html.erb within layouts/application
  Rendered events/new.html.erb within layouts/application (2.0ms)
Completed 200 OK in 30ms (Views: 26.0ms | ActiveRecord: 0.1ms)


Started POST "/events" for 127.0.0.1 at 2018-07-03 18:37:17 +0300
Processing by EventsController#create as HTML
  Parameters: {"utf8"=>"✓", "authenticity_token"=>"ak1kcH+7c8eMUKMy3ZNT22hbHYqgRFd4wC31YjEMGOtXwU7l6UToxLyYNCB4vK0NxAi2eR1T8G3WVITrMLRtjg==", "event"=>{"definition"=>"", "date"=>""}, "commit"=>"Save Event"}
  [1m[35m (0.1ms)[0m  [1m[36mbegin transaction[0m
  ↳ app/controllers/events_controller.rb:17
  [1m[35m (0.0ms)[0m  [1m[31mrollback transaction[0m
  ↳ app/controllers/events_controller.rb:17
  Rendering events/new.html.erb within layouts/application
  Rendered events/new.html.erb within layouts/application (1.4ms)
Completed 200 OK in 24ms (Views: 13.5ms | ActiveRecord: 0.1ms)


Started POST "/events" for 127.0.0.1 at 2018-07-03 18:37:17 +0300
Processing by EventsController#create as HTML
  Parameters: {"utf8"=>"✓", "authenticity_token"=>"ul8IEiJrwXxozJbGLxZBfN4sfmfdTRRaGJ9W4iiU9liH0yKHtJRaf1gEAdSKOb+qcn/VlGBas08O5idrKSyDPQ==", "event"=>{"definition"=>"", "date"=>""}, "commit"=>"Save Event"}
  [1m[35m (0.1ms)[0m  [1m[36mbegin transaction[0m
  ↳ app/controllers/events_controller.rb:17
  [1m[35m (0.1ms)[0m  [1m[31mrollback transaction[0m
  ↳ app/controllers/events_controller.rb:17
  Rendering events/new.html.erb within layouts/application
  Rendered events/new.html.erb within layouts/application (2.1ms)
Completed 200 OK in 19ms (Views: 14.4ms | ActiveRecord: 0.2ms)


Started GET "/events" for 127.0.0.1 at 2018-07-03 18:37:20 +0300
Processing by EventsController#index as HTML
  Rendering events/index.html.erb within layouts/application
  [1m[36mEvent Load (0.2ms)[0m  [1m[34mSELECT "events".* FROM "events"[0m
  ↳ app/views/events/index.html.erb:11
  Rendered events/index.html.erb within layouts/application (2.6ms)
Completed 200 OK in 18ms (Views: 16.5ms | ActiveRecord: 0.2ms)


Started GET "/events/new" for 127.0.0.1 at 2018-07-03 18:37:22 +0300
Processing by EventsController#new as HTML
  Rendering events/new.html.erb within layouts/application
  Rendered events/new.html.erb within layouts/application (2.1ms)
Completed 200 OK in 19ms (Views: 17.4ms | ActiveRecord: 0.0ms)


Started POST "/events" for 127.0.0.1 at 2018-07-03 18:37:23 +0300
Processing by EventsController#create as HTML
  Parameters: {"utf8"=>"✓", "authenticity_token"=>"cuusej8wNpSAubrcr32TxES9Nc3tkYbJkT4BTgNDa6PMNjY6kD4WSb0g10/cUrKaxuCohusPSSuHHlqjVgL0+Q==", "event"=>{"definition"=>"", "date"=>""}, "commit"=>"Save Event"}
  [1m[35m (0.1ms)[0m  [1m[36mbegin transaction[0m
  ↳ app/controllers/events_controller.rb:17
  [1m[35m (0.1ms)[0m  [1m[31mrollback transaction[0m
  ↳ app/controllers/events_controller.rb:17
  Rendering events/new.html.erb within layouts/application
  Rendered events/new.html.erb within layouts/application (1.9ms)
Completed 200 OK in 19ms (Views: 14.9ms | ActiveRecord: 0.2ms)


Started POST "/events" for 127.0.0.1 at 2018-07-03 18:37:24 +0300
Processing by EventsController#create as HTML
  Parameters: {"utf8"=>"✓", "authenticity_token"=>"NHOi8adcdshXnHL8rEXvQZVYgQsCASt+bxpgj0N9QC8J/4hkMaPty2dU5e4JahGXOQsq+L8WjGt5YxEGQsU1Sg==", "event"=>{"definition"=>"", "date"=>""}, "commit"=>"Save Event"}
  [1m[35m (0.1ms)[0m  [1m[36mbegin transaction[0m
  ↳ app/controllers/events_controller.rb:17
  [1m[35m (0.0ms)[0m  [1m[31mrollback transaction[0m
  ↳ app/controllers/events_controller.rb:17
  Rendering events/new.html.erb within layouts/application
  Rendered events/new.html.erb within layouts/application (1.5ms)
Completed 200 OK in 16ms (Views: 14.1ms | ActiveRecord: 0.1ms)


Started POST "/events" for 127.0.0.1 at 2018-07-03 18:37:24 +0300
Processing by EventsController#create as HTML
  Parameters: {"utf8"=>"✓", "authenticity_token"=>"aMxEEqjJG/g6OV7VcERNoT8XnwwJG87aw5QRWE6OCr1VQG6HPjaA+wrxycfVa7N3k0Q0/7QMac/V7WDRTzZ/2A==", "event"=>{"definition"=>"", "date"=>""}, "commit"=>"Save Event"}
  [1m[35m (0.1ms)[0m  [1m[36mbegin transaction[0m
  ↳ app/controllers/events_controller.rb:17
  [1m[35m (0.1ms)[0m  [1m[31mrollback transaction[0m
  ↳ app/controllers/events_controller.rb:17
  Rendering events/new.html.erb within layouts/application
  Rendered events/new.html.erb within layouts/application (1.5ms)
Completed 200 OK in 19ms (Views: 14.5ms | ActiveRecord: 0.2ms)


Started GET "/events" for 127.0.0.1 at 2018-07-03 18:37:25 +0300
Processing by EventsController#index as HTML
  Rendering events/index.html.erb within layouts/application
  [1m[36mEvent Load (0.3ms)[0m  [1m[34mSELECT "events".* FROM "events"[0m
  ↳ app/views/events/index.html.erb:11
  Rendered events/index.html.erb within layouts/application (2.7ms)
Completed 200 OK in 24ms (Views: 22.6ms | ActiveRecord: 0.3ms)


Started GET "/events/new" for 127.0.0.1 at 2018-07-03 18:37:27 +0300
Processing by EventsController#new as HTML
  Rendering events/new.html.erb within layouts/application
  Rendered events/new.html.erb within layouts/application (2.1ms)
Completed 200 OK in 19ms (Views: 16.9ms | ActiveRecord: 0.0ms)


Started POST "/events" for 127.0.0.1 at 2018-07-03 18:37:32 +0300
Processing by EventsController#create as HTML
  Parameters: {"utf8"=>"✓", "authenticity_token"=>"ctbDsEBdPYfg7ndeF95JejxVRXz9ZqpsgBh2QPYHcUfMC1nw71MdWt13Gs1k8WgkvgjYN/v4ZY6WOC2to0buHQ==", "event"=>{"definition"=>"asds", "date"=>""}, "commit"=>"Save Event"}
  [1m[35m (0.1ms)[0m  [1m[36mbegin transaction[0m
  ↳ app/controllers/events_controller.rb:17
  [1m[35m (0.0ms)[0m  [1m[31mrollback transaction[0m
  ↳ app/controllers/events_controller.rb:17
  Rendering events/new.html.erb within layouts/application
  Rendered events/new.html.erb within layouts/application (1.4ms)
Completed 200 OK in 16ms (Views: 14.5ms | ActiveRecord: 0.1ms)


Started POST "/events" for 127.0.0.1 at 2018-07-03 18:37:37 +0300
Processing by EventsController#create as HTML
  Parameters: {"utf8"=>"✓", "authenticity_token"=>"cjzTbj8r/8uf79PLTV9TUC3rje0QiLScBU+wiCkpX7hPsPn7qdRkyK8nRNnocK2GgbgmHq2fE4kTNsEBKJEq3Q==", "event"=>{"definition"=>"asds", "date"=>"3qrqwf"}, "commit"=>"Save Event"}
  [1m[35m (0.1ms)[0m  [1m[36mbegin transaction[0m
  ↳ app/controllers/events_controller.rb:17
  [1m[35m (0.0ms)[0m  [1m[31mrollback transaction[0m
  ↳ app/controllers/events_controller.rb:17
  Rendering events/new.html.erb within layouts/application
  Rendered events/new.html.erb within layouts/application (1.4ms)
Completed 200 OK in 17ms (Views: 14.5ms | ActiveRecord: 0.1ms)


Started POST "/events" for 127.0.0.1 at 2018-07-03 18:37:38 +0300
Processing by EventsController#create as HTML
  Parameters: {"utf8"=>"✓", "authenticity_token"=>"IB4IG4vhJKJ3MMUVIcrV5TTulJePtkz84kCVg3/h6SIdkiKOHR6/oUf4UgeE5SszmL0/ZDKh6+n0OeQKflmcRw==", "event"=>{"definition"=>"asds", "date"=>"3qrqwf"}, "commit"=>"Save Event"}
  [1m[35m (0.1ms)[0m  [1m[36mbegin transaction[0m
  ↳ app/controllers/events_controller.rb:17
  [1m[35m (0.0ms)[0m  [1m[31mrollback transaction[0m
  ↳ app/controllers/events_controller.rb:17
  Rendering events/new.html.erb within layouts/application
  Rendered events/new.html.erb within layouts/application (1.2ms)
Completed 200 OK in 15ms (Views: 13.5ms | ActiveRecord: 0.1ms)


Started POST "/events" for 127.0.0.1 at 2018-07-03 18:37:38 +0300
Processing by EventsController#create as HTML
  Parameters: {"utf8"=>"✓", "authenticity_token"=>"YX0ibEHsdjV1Xh5p5CpnW0xgx0PHTmdLVthEVtRHtBlc8Qj51xPtNkWWiXtBBZmN4DNssHpZwF5AoTXf1f/BfA==", "event"=>{"definition"=>"asds", "date"=>"3qrqwf"}, "commit"=>"Save Event"}
  [1m[35m (0.1ms)[0m  [1m[36mbegin transaction[0m
  ↳ app/controllers/events_controller.rb:17
  [1m[35m (0.0ms)[0m  [1m[31mrollback transaction[0m
  ↳ app/controllers/events_controller.rb:17
  Rendering events/new.html.erb within layouts/application
  Rendered events/new.html.erb within layouts/application (1.5ms)
Completed 200 OK in 16ms (Views: 14.2ms | ActiveRecord: 0.1ms)


Started POST "/events" for 127.0.0.1 at 2018-07-03 18:37:38 +0300
Processing by EventsController#create as HTML
  Parameters: {"utf8"=>"✓", "authenticity_token"=>"eux7aBeIMI7IZhdjfwvUaYIhuVI/D0dGz2AdAPaCT+FHYFH9gXerjfiugHHaJCq/LnISoYIY4FPZGWyJ9zo6hA==", "event"=>{"definition"=>"asds", "date"=>"3qrqwf"}, "commit"=>"Save Event"}
  [1m[35m (0.1ms)[0m  [1m[36mbegin transaction[0m
  ↳ app/controllers/events_controller.rb:17
  [1m[35m (0.0ms)[0m  [1m[31mrollback transaction[0m
  ↳ app/controllers/events_controller.rb:17
  Rendering events/new.html.erb within layouts/application
  Rendered events/new.html.erb within layouts/application (1.2ms)
Completed 200 OK in 15ms (Views: 13.5ms | ActiveRecord: 0.1ms)


Started POST "/events" for 127.0.0.1 at 2018-07-03 18:37:43 +0300
Processing by EventsController#create as HTML
  Parameters: {"utf8"=>"✓", "authenticity_token"=>"gzvp60RVCe4hBOMw7b+ATYMsAtZrE8K1Ty2Yq1RCwaS+t8N+0qqS7RHMdCJIkH6bL3+pJdYEZaBZVOkiVfq0wQ==", "event"=>{"definition"=>"asdssa", "date"=>"3qrqwf"}, "commit"=>"Save Event"}
  [1m[35m (0.1ms)[0m  [1m[36mbegin transaction[0m
  ↳ app/controllers/events_controller.rb:17
  [1m[36mEvent Create (0.6ms)[0m  [1m[32mINSERT INTO "events" ("definition", "date", "created_at", "updated_at") VALUES (?, ?, ?, ?)[0m  [["definition", "asdssa"], ["date", "3qrqwf"], ["created_at", "2018-07-03 15:37:43.548471"], ["updated_at", "2018-07-03 15:37:43.548471"]]
  ↳ app/controllers/events_controller.rb:17
  [1m[35m (5.0ms)[0m  [1m[36mcommit transaction[0m
  ↳ app/controllers/events_controller.rb:17
Redirected to http://localhost:3000/events/8
Completed 302 Found in 9ms (ActiveRecord: 5.7ms)


Started GET "/events/8" for 127.0.0.1 at 2018-07-03 18:37:43 +0300
Processing by EventsController#show as HTML
  Parameters: {"id"=>"8"}
  [1m[36mEvent Load (0.1ms)[0m  [1m[34mSELECT  "events".* FROM "events" WHERE "events"."id" = ? LIMIT ?[0m  [["id", 8], ["LIMIT", 1]]
  ↳ app/controllers/events_controller.rb:11
  Rendering events/show.html.erb within layouts/application
  Rendered events/show.html.erb within layouts/application (0.5ms)
Completed 200 OK in 16ms (Views: 13.7ms | ActiveRecord: 0.1ms)


Started GET "/events" for 127.0.0.1 at 2018-07-03 18:37:45 +0300
Processing by EventsController#index as HTML
  Rendering events/index.html.erb within layouts/application
  [1m[36mEvent Load (0.2ms)[0m  [1m[34mSELECT "events".* FROM "events"[0m
  ↳ app/views/events/index.html.erb:11
  Rendered events/index.html.erb within layouts/application (2.3ms)
Completed 200 OK in 22ms (Views: 20.0ms | ActiveRecord: 0.2ms)


Started GET "/events/new" for 127.0.0.1 at 2018-07-03 18:40:55 +0300
Processing by EventsController#new as HTML
  Rendering events/new.html.erb within layouts/application
  Rendered events/new.html.erb within layouts/application (2.2ms)
Completed 200 OK in 19ms (Views: 17.0ms | ActiveRecord: 0.0ms)


Started POST "/events" for 127.0.0.1 at 2018-07-03 18:40:59 +0300
Processing by EventsController#create as HTML
  Parameters: {"utf8"=>"✓", "authenticity_token"=>"rayAF7YtmJFFgwflcDl4671xrBZcAtcxY6m8QwcppRUTcRpXGSO4THgaanYDFlm1PywxXVqcGNN1ieeuUmg6Tw==", "event"=>{"definition"=>"as", "date"=>""}, "commit"=>"Save Event"}
  [1m[35m (0.1ms)[0m  [1m[36mbegin transaction[0m
  ↳ app/controllers/events_controller.rb:17
  [1m[35m (0.0ms)[0m  [1m[31mrollback transaction[0m
  ↳ app/controllers/events_controller.rb:17
  Rendering events/new.html.erb within layouts/application
  Rendered events/new.html.erb within layouts/application (1.5ms)
Completed 200 OK in 16ms (Views: 13.6ms | ActiveRecord: 0.1ms)


Started POST "/events" for 127.0.0.1 at 2018-07-03 18:41:06 +0300
Processing by EventsController#create as HTML
  Parameters: {"utf8"=>"✓", "authenticity_token"=>"zJCEFbU+p/b80BbQCVI0Jgr+ilViWCvyLDUHv216w+zxHK6AI8E89cwYgcKsfcrwpq0hpt9PjOc6THY2bMK2iQ==", "event"=>{"definition"=>"", "date"=>""}, "commit"=>"Save Event"}
  [1m[35m (0.1ms)[0m  [1m[36mbegin transaction[0m
  ↳ app/controllers/events_controller.rb:17
  [1m[35m (0.1ms)[0m  [1m[31mrollback transaction[0m
  ↳ app/controllers/events_controller.rb:17
  Rendering events/new.html.erb within layouts/application
  Rendered events/new.html.erb within layouts/application (2.4ms)
Completed 200 OK in 18ms (Views: 15.4ms | ActiveRecord: 0.2ms)


Started GET "/events" for 127.0.0.1 at 2018-07-03 18:56:42 +0300
Processing by EventsController#index as HTML
  Rendering events/index.html.erb within layouts/application
  [1m[36mEvent Load (0.1ms)[0m  [1m[34mSELECT "events".* FROM "events"[0m
  ↳ app/views/events/index.html.erb:11
  Rendered events/index.html.erb within layouts/application (5.5ms)
Completed 200 OK in 19ms (Views: 16.5ms | ActiveRecord: 0.6ms)


Started GET "/events/5/edit" for 127.0.0.1 at 2018-07-03 18:56:46 +0300
Processing by EventsController#edit as HTML
  Parameters: {"id"=>"5"}
  [1m[36mEvent Load (0.4ms)[0m  [1m[34mSELECT  "events".* FROM "events" WHERE "events"."id" = ? LIMIT ?[0m  [["id", 5], ["LIMIT", 1]]
  ↳ app/controllers/events_controller.rb:7
  Rendering events/edit.html.erb within layouts/application
  Rendered events/edit.html.erb within layouts/application (3.4ms)
Completed 200 OK in 29ms (Views: 24.7ms | ActiveRecord: 0.4ms)


Started PATCH "/events/5" for 127.0.0.1 at 2018-07-03 18:56:48 +0300
Processing by EventsController#update as HTML
  Parameters: {"utf8"=>"✓", "authenticity_token"=>"rO3JSaVrKNP/2WHkfiz13v/NmW2z3te3d/qtjpOT/5DCY1daxbg3cI9UY8OjigHKmFzjtMHhpInBNmrb/Y1W1g==", "event"=>{"date"=>""}, "commit"=>"Update Event", "id"=>"5"}
  [1m[36mEvent Load (0.1ms)[0m  [1m[34mSELECT  "events".* FROM "events" WHERE "events"."id" = ? LIMIT ?[0m  [["id", 5], ["LIMIT", 1]]
  ↳ app/controllers/events_controller.rb:29
  [1m[35m (0.1ms)[0m  [1m[36mbegin transaction[0m
  ↳ app/controllers/events_controller.rb:31
  [1m[35m (0.0ms)[0m  [1m[31mrollback transaction[0m
  ↳ app/controllers/events_controller.rb:31
  Rendering events/edit.html.erb within layouts/application
  Rendered events/edit.html.erb within layouts/application (2.7ms)
Completed 200 OK in 20ms (Views: 16.2ms | ActiveRecord: 0.2ms)


Started GET "/events" for 127.0.0.1 at 2018-07-03 18:56:53 +0300
Processing by EventsController#index as HTML
  Rendering events/index.html.erb within layouts/application
  [1m[36mEvent Load (0.3ms)[0m  [1m[34mSELECT "events".* FROM "events"[0m
  ↳ app/views/events/index.html.erb:11
  Rendered events/index.html.erb within layouts/application (2.7ms)
Completed 200 OK in 19ms (Views: 17.2ms | ActiveRecord: 0.3ms)


Started GET "/events/5/edit" for 127.0.0.1 at 2018-07-03 18:57:42 +0300
Processing by EventsController#edit as HTML
  Parameters: {"id"=>"5"}
  [1m[36mEvent Load (0.2ms)[0m  [1m[34mSELECT  "events".* FROM "events" WHERE "events"."id" = ? LIMIT ?[0m  [["id", 5], ["LIMIT", 1]]
  ↳ app/controllers/events_controller.rb:7
  Rendering events/edit.html.erb within layouts/application
  Rendered events/edit.html.erb within layouts/application (2.7ms)
Completed 200 OK in 20ms (Views: 16.5ms | ActiveRecord: 0.2ms)


Started PATCH "/events/5" for 127.0.0.1 at 2018-07-03 18:57:47 +0300
Processing by EventsController#update as HTML
  Parameters: {"utf8"=>"✓", "authenticity_token"=>"Svy7qfkDKn6Bw3vjEIlW4qF/eRu2Exy265RmMCz81TIkciW6mdA13fFOecTNL6L2xu4DwsQsb4hdWKFlQuJ8dA==", "event"=>{"date"=>"asdasd"}, "commit"=>"Update Event", "id"=>"5"}
  [1m[36mEvent Load (0.1ms)[0m  [1m[34mSELECT  "events".* FROM "events" WHERE "events"."id" = ? LIMIT ?[0m  [["id", 5], ["LIMIT", 1]]
  ↳ app/controllers/events_controller.rb:29
  [1m[35m (0.0ms)[0m  [1m[36mbegin transaction[0m
  ↳ app/controllers/events_controller.rb:31
  [1m[35m (0.0ms)[0m  [1m[31mrollback transaction[0m
  ↳ app/controllers/events_controller.rb:31
  Rendering events/edit.html.erb within layouts/application
  Rendered events/edit.html.erb within layouts/application (2.1ms)
Completed 200 OK in 18ms (Views: 15.6ms | ActiveRecord: 0.2ms)


Started PATCH "/events/5" for 127.0.0.1 at 2018-07-03 18:57:51 +0300
Processing by EventsController#update as HTML
  Parameters: {"utf8"=>"✓", "authenticity_token"=>"G8eTbUXP0mARbDrU/l3UoQPwdoaUAiv46ZoG509AdEUmS7n40zBJYyGkrcZbcip3r6PddSkVjO3/43duTvgBIA==", "event"=>{"date"=>"asdasd"}, "commit"=>"Update Event", "id"=>"5"}
  [1m[36mEvent Load (0.1ms)[0m  [1m[34mSELECT  "events".* FROM "events" WHERE "events"."id" = ? LIMIT ?[0m  [["id", 5], ["LIMIT", 1]]
  ↳ app/controllers/events_controller.rb:29
  [1m[35m (0.1ms)[0m  [1m[36mbegin transaction[0m
  ↳ app/controllers/events_controller.rb:31
  [1m[35m (0.0ms)[0m  [1m[31mrollback transaction[0m
  ↳ app/controllers/events_controller.rb:31
  Rendering events/edit.html.erb within layouts/application
  Rendered events/edit.html.erb within layouts/application (2.4ms)
Completed 200 OK in 25ms (Views: 21.3ms | ActiveRecord: 0.2ms)


Started GET "/events" for 127.0.0.1 at 2018-07-03 18:57:56 +0300
Processing by EventsController#index as HTML
  Rendering events/index.html.erb within layouts/application
  [1m[36mEvent Load (0.2ms)[0m  [1m[34mSELECT "events".* FROM "events"[0m
  ↳ app/views/events/index.html.erb:11
  Rendered events/index.html.erb within layouts/application (2.4ms)
Completed 200 OK in 19ms (Views: 17.4ms | ActiveRecord: 0.2ms)


Started GET "/events/2/edit" for 127.0.0.1 at 2018-07-03 18:57:58 +0300
Processing by EventsController#edit as HTML
  Parameters: {"id"=>"2"}
  [1m[36mEvent Load (0.2ms)[0m  [1m[34mSELECT  "events".* FROM "events" WHERE "events"."id" = ? LIMIT ?[0m  [["id", 2], ["LIMIT", 1]]
  ↳ app/controllers/events_controller.rb:7
  Rendering events/edit.html.erb within layouts/application
  Rendered events/edit.html.erb within layouts/application (2.1ms)
Completed 200 OK in 22ms (Views: 19.4ms | ActiveRecord: 0.2ms)


Started PATCH "/events/2" for 127.0.0.1 at 2018-07-03 18:58:02 +0300
Processing by EventsController#update as HTML
  Parameters: {"utf8"=>"✓", "authenticity_token"=>"bW9Zf35peLlWpJdPVosErHAF8zrRBYriyG+/az5mfrgn8EqCjZon7rwgMn7fgj494dPUsEsKYGpGcnt9LWluGQ==", "event"=>{"date"=>"afasfg"}, "commit"=>"Update Event", "id"=>"2"}
  [1m[36mEvent Load (0.1ms)[0m  [1m[34mSELECT  "events".* FROM "events" WHERE "events"."id" = ? LIMIT ?[0m  [["id", 2], ["LIMIT", 1]]
  ↳ app/controllers/events_controller.rb:29
  [1m[35m (0.0ms)[0m  [1m[36mbegin transaction[0m
  ↳ app/controllers/events_controller.rb:31
  [1m[35m (0.0ms)[0m  [1m[31mrollback transaction[0m
  ↳ app/controllers/events_controller.rb:31
  Rendering events/edit.html.erb within layouts/application
  Rendered events/edit.html.erb within layouts/application (1.6ms)
Completed 200 OK in 17ms (Views: 14.9ms | ActiveRecord: 0.2ms)


Started PATCH "/events/2" for 127.0.0.1 at 2018-07-03 18:58:07 +0300
Processing by EventsController#update as HTML
  Parameters: {"utf8"=>"✓", "authenticity_token"=>"KfG6QI0jyO0Ejg+nOW5v/aJzXIgNMrboXutXR9eJdmQUfZDVG9xT7jRGmLWcQZErDiD3e7AlEf1IkibO1jEDAQ==", "event"=>{"date"=>"afasfg"}, "commit"=>"Update Event", "id"=>"2"}
  [1m[36mEvent Load (0.1ms)[0m  [1m[34mSELECT  "events".* FROM "events" WHERE "events"."id" = ? LIMIT ?[0m  [["id", 2], ["LIMIT", 1]]
  ↳ app/controllers/events_controller.rb:29
  [1m[35m (0.0ms)[0m  [1m[36mbegin transaction[0m
  ↳ app/controllers/events_controller.rb:31
  [1m[35m (0.1ms)[0m  [1m[31mrollback transaction[0m
  ↳ app/controllers/events_controller.rb:31
  Rendering events/edit.html.erb within layouts/application
  Rendered events/edit.html.erb within layouts/application (1.6ms)
Completed 200 OK in 16ms (Views: 13.5ms | ActiveRecord: 0.2ms)


Started GET "/events" for 127.0.0.1 at 2018-07-03 18:58:09 +0300
Processing by EventsController#index as HTML
  Rendering events/index.html.erb within layouts/application
  [1m[36mEvent Load (0.3ms)[0m  [1m[34mSELECT "events".* FROM "events"[0m
  ↳ app/views/events/index.html.erb:11
  Rendered events/index.html.erb within layouts/application (3.1ms)
Completed 200 OK in 21ms (Views: 18.3ms | ActiveRecord: 0.3ms)


Started GET "/events/1/edit" for 127.0.0.1 at 2018-07-03 18:58:16 +0300
Processing by EventsController#edit as HTML
  Parameters: {"id"=>"1"}
  [1m[36mEvent Load (0.1ms)[0m  [1m[34mSELECT  "events".* FROM "events" WHERE "events"."id" = ? LIMIT ?[0m  [["id", 1], ["LIMIT", 1]]
  ↳ app/controllers/events_controller.rb:7
  Rendering events/edit.html.erb within layouts/application
  Rendered events/edit.html.erb within layouts/application (3.6ms)
Completed 200 OK in 21ms (Views: 18.5ms | ActiveRecord: 0.1ms)


Started PATCH "/events/1" for 127.0.0.1 at 2018-07-03 18:58:19 +0300
Processing by EventsController#update as HTML
  Parameters: {"utf8"=>"✓", "authenticity_token"=>"0a0cT1DTIso00xbDX+YYYiXODz8mvDkwcpffl0RFa/ejn+V25D93VB6kkQ3hfyvY+jS3yzrK1xV7ROvPmr3ROA==", "event"=>{"date"=>"asfasfaf"}, "commit"=>"Update Event", "id"=>"1"}
  [1m[36mEvent Load (0.1ms)[0m  [1m[34mSELECT  "events".* FROM "events" WHERE "events"."id" = ? LIMIT ?[0m  [["id", 1], ["LIMIT", 1]]
  ↳ app/controllers/events_controller.rb:29
  [1m[35m (0.0ms)[0m  [1m[36mbegin transaction[0m
  ↳ app/controllers/events_controller.rb:31
  [1m[35m (0.0ms)[0m  [1m[36mcommit transaction[0m
  ↳ app/controllers/events_controller.rb:31
Redirected to http://localhost:3000/events/1
Completed 302 Found in 3ms (ActiveRecord: 0.2ms)


Started GET "/events/1" for 127.0.0.1 at 2018-07-03 18:58:19 +0300
Processing by EventsController#show as HTML
  Parameters: {"id"=>"1"}
  [1m[36mEvent Load (0.1ms)[0m  [1m[34mSELECT  "events".* FROM "events" WHERE "events"."id" = ? LIMIT ?[0m  [["id", 1], ["LIMIT", 1]]
  ↳ app/controllers/events_controller.rb:15
  Rendering events/show.html.erb within layouts/application
  Rendered events/show.html.erb within layouts/application (155.2ms)
Completed 500 Internal Server Error in 158ms (ActiveRecord: 0.1ms)


  
ActionView::Template::Error (undefined local variable or method `event' for #<#<Class:0x00007fb4c199fe08>:0x00007fb4c1add478>
Did you mean?  @event):
     8:   <%= @event.date %>
     9: </p>
    10: 
    11: <td><%= link_to 'Edit', edit_event_path(event) %></td> |
    12: <%= link_to 'Back', events_path %>
  
app/views/events/show.html.erb:11:in `_app_views_events_show_html_erb___621346023163849536_70207160120300'
Started GET "/events/1" for 127.0.0.1 at 2018-07-03 18:59:22 +0300
Processing by EventsController#show as HTML
  Parameters: {"id"=>"1"}
  [1m[36mEvent Load (0.1ms)[0m  [1m[34mSELECT  "events".* FROM "events" WHERE "events"."id" = ? LIMIT ?[0m  [["id", 1], ["LIMIT", 1]]
  ↳ app/controllers/events_controller.rb:15
  Rendering events/show.html.erb within layouts/application
  Rendered events/show.html.erb within layouts/application (0.6ms)
Completed 200 OK in 15ms (Views: 13.9ms | ActiveRecord: 0.1ms)


Started GET "/events" for 127.0.0.1 at 2018-07-03 18:59:24 +0300
Processing by EventsController#index as HTML
  Rendering events/index.html.erb within layouts/application
  [1m[36mEvent Load (0.2ms)[0m  [1m[34mSELECT "events".* FROM "events"[0m
  ↳ app/views/events/index.html.erb:11
  Rendered events/index.html.erb within layouts/application (2.6ms)
Completed 200 OK in 28ms (Views: 26.3ms | ActiveRecord: 0.2ms)


Started GET "/events/1/edit" for 127.0.0.1 at 2018-07-03 18:59:26 +0300
Processing by EventsController#edit as HTML
  Parameters: {"id"=>"1"}
  [1m[36mEvent Load (0.2ms)[0m  [1m[34mSELECT  "events".* FROM "events" WHERE "events"."id" = ? LIMIT ?[0m  [["id", 1], ["LIMIT", 1]]
  ↳ app/controllers/events_controller.rb:7
  Rendering events/edit.html.erb within layouts/application
  Rendered events/edit.html.erb within layouts/application (3.2ms)
Completed 200 OK in 36ms (Views: 32.5ms | ActiveRecord: 0.2ms)


Started GET "/events" for 127.0.0.1 at 2018-07-03 18:59:31 +0300
Processing by EventsController#index as HTML
  Rendering events/index.html.erb within layouts/application
  [1m[36mEvent Load (0.2ms)[0m  [1m[34mSELECT "events".* FROM "events"[0m
  ↳ app/views/events/index.html.erb:11
  Rendered events/index.html.erb within layouts/application (3.7ms)
Completed 200 OK in 31ms (Views: 28.7ms | ActiveRecord: 0.2ms)


Started GET "/events/1/edit" for 127.0.0.1 at 2018-07-03 18:59:35 +0300
Processing by EventsController#edit as HTML
  Parameters: {"id"=>"1"}
  [1m[36mEvent Load (0.1ms)[0m  [1m[34mSELECT  "events".* FROM "events" WHERE "events"."id" = ? LIMIT ?[0m  [["id", 1], ["LIMIT", 1]]
  ↳ app/controllers/events_controller.rb:7
  Rendering events/edit.html.erb within layouts/application
  Rendered events/edit.html.erb within layouts/application (3.1ms)
Completed 200 OK in 33ms (Views: 30.8ms | ActiveRecord: 0.1ms)


Started GET "/events/1/edit" for 127.0.0.1 at 2018-07-03 19:00:21 +0300
Processing by EventsController#edit as HTML
  Parameters: {"id"=>"1"}
  [1m[36mEvent Load (0.1ms)[0m  [1m[34mSELECT  "events".* FROM "events" WHERE "events"."id" = ? LIMIT ?[0m  [["id", 1], ["LIMIT", 1]]
  ↳ app/controllers/events_controller.rb:7
  Rendering events/edit.html.erb within layouts/application
  Rendered events/edit.html.erb within layouts/application (2.3ms)
Completed 200 OK in 18ms (Views: 15.4ms | ActiveRecord: 0.1ms)


Started GET "/events" for 127.0.0.1 at 2018-07-03 19:00:24 +0300
Processing by EventsController#index as HTML
  Rendering events/index.html.erb within layouts/application
  [1m[36mEvent Load (0.3ms)[0m  [1m[34mSELECT "events".* FROM "events"[0m
  ↳ app/views/events/index.html.erb:11
  Rendered events/index.html.erb within layouts/application (3.6ms)
Completed 200 OK in 20ms (Views: 18.4ms | ActiveRecord: 0.3ms)


Started GET "/events/3/edit" for 127.0.0.1 at 2018-07-03 19:00:26 +0300
Processing by EventsController#edit as HTML
  Parameters: {"id"=>"3"}
  [1m[36mEvent Load (0.2ms)[0m  [1m[34mSELECT  "events".* FROM "events" WHERE "events"."id" = ? LIMIT ?[0m  [["id", 3], ["LIMIT", 1]]
  ↳ app/controllers/events_controller.rb:7
  Rendering events/edit.html.erb within layouts/application
  Rendered events/edit.html.erb within layouts/application (1.9ms)
Completed 200 OK in 18ms (Views: 15.4ms | ActiveRecord: 0.2ms)


Started PATCH "/events/3" for 127.0.0.1 at 2018-07-03 19:00:29 +0300
Processing by EventsController#update as HTML
  Parameters: {"utf8"=>"✓", "authenticity_token"=>"ytjIL/llXYyBjNRxQXro6lLA/DAmv7LN6DCZWmmjLf0z29/LicU/9TLoJxWkbO6v8bgxFFBYqUciBhAuelS4ww==", "event"=>{"definition"=>"asasdas", "date"=>"asf"}, "commit"=>"Update Event", "id"=>"3"}
  [1m[36mEvent Load (0.1ms)[0m  [1m[34mSELECT  "events".* FROM "events" WHERE "events"."id" = ? LIMIT ?[0m  [["id", 3], ["LIMIT", 1]]
  ↳ app/controllers/events_controller.rb:29
  [1m[35m (0.0ms)[0m  [1m[36mbegin transaction[0m
  ↳ app/controllers/events_controller.rb:31
  [1m[36mEvent Update (0.5ms)[0m  [1m[33mUPDATE "events" SET "definition" = ?, "updated_at" = ? WHERE "events"."id" = ?[0m  [["definition", "asasdas"], ["updated_at", "2018-07-03 16:00:29.716042"], ["id", 3]]
  ↳ app/controllers/events_controller.rb:31
  [1m[35m (3.4ms)[0m  [1m[36mcommit transaction[0m
  ↳ app/controllers/events_controller.rb:31
Redirected to http://localhost:3000/events/3
Completed 302 Found in 8ms (ActiveRecord: 4.0ms)


Started GET "/events/3" for 127.0.0.1 at 2018-07-03 19:00:29 +0300
Processing by EventsController#show as HTML
  Parameters: {"id"=>"3"}
  [1m[36mEvent Load (0.1ms)[0m  [1m[34mSELECT  "events".* FROM "events" WHERE "events"."id" = ? LIMIT ?[0m  [["id", 3], ["LIMIT", 1]]
  ↳ app/controllers/events_controller.rb:15
  Rendering events/show.html.erb within layouts/application
  Rendered events/show.html.erb within layouts/application (0.6ms)
Completed 200 OK in 14ms (Views: 12.5ms | ActiveRecord: 0.1ms)


Started GET "/events" for 127.0.0.1 at 2018-07-03 19:00:32 +0300
Processing by EventsController#index as HTML
  Rendering events/index.html.erb within layouts/application
  [1m[36mEvent Load (0.3ms)[0m  [1m[34mSELECT "events".* FROM "events"[0m
  ↳ app/views/events/index.html.erb:11
  Rendered events/index.html.erb within layouts/application (2.7ms)
Completed 200 OK in 17ms (Views: 15.0ms | ActiveRecord: 0.3ms)


Started GET "/events/6/edit" for 127.0.0.1 at 2018-07-03 19:00:46 +0300
Processing by EventsController#edit as HTML
  Parameters: {"id"=>"6"}
  [1m[36mEvent Load (0.1ms)[0m  [1m[34mSELECT  "events".* FROM "events" WHERE "events"."id" = ? LIMIT ?[0m  [["id", 6], ["LIMIT", 1]]
  ↳ app/controllers/events_controller.rb:7
  Rendering events/edit.html.erb within layouts/application
  Rendered events/edit.html.erb within layouts/application (1.9ms)
Completed 200 OK in 22ms (Views: 19.8ms | ActiveRecord: 0.1ms)


Started PATCH "/events/6" for 127.0.0.1 at 2018-07-03 19:00:47 +0300
Processing by EventsController#update as HTML
  Parameters: {"utf8"=>"✓", "authenticity_token"=>"aTB1RxIY5I1hxMj7OWRt53Shmr2RRR6BV0IIzooMfigsQAYWEIaod4FWp/AzdNDw9cMyuHaWK6IBW+ZhECJ/eA==", "event"=>{"definition"=>"", "date"=>""}, "commit"=>"Update Event", "id"=>"6"}
  [1m[36mEvent Load (0.1ms)[0m  [1m[34mSELECT  "events".* FROM "events" WHERE "events"."id" = ? LIMIT ?[0m  [["id", 6], ["LIMIT", 1]]
  ↳ app/controllers/events_controller.rb:29
  [1m[35m (0.1ms)[0m  [1m[36mbegin transaction[0m
  ↳ app/controllers/events_controller.rb:31
  [1m[35m (0.0ms)[0m  [1m[31mrollback transaction[0m
  ↳ app/controllers/events_controller.rb:31
  Rendering events/edit.html.erb within layouts/application
  Rendered events/edit.html.erb within layouts/application (2.0ms)
Completed 200 OK in 19ms (Views: 15.5ms | ActiveRecord: 0.2ms)


Started PATCH "/events/6" for 127.0.0.1 at 2018-07-03 19:00:51 +0300
Processing by EventsController#update as HTML
  Parameters: {"utf8"=>"✓", "authenticity_token"=>"Eci7AbkdPpBuSOdlm6Xty/rX/BIHbHnQB2yCG3YXoDksRJGUL+Klk16AcHc+ihMdVoRX4bp73sURFfOSd6/VXA==", "event"=>{"definition"=>"a", "date"=>""}, "commit"=>"Update Event", "id"=>"6"}
  [1m[36mEvent Load (0.1ms)[0m  [1m[34mSELECT  "events".* FROM "events" WHERE "events"."id" = ? LIMIT ?[0m  [["id", 6], ["LIMIT", 1]]
  ↳ app/controllers/events_controller.rb:29
  [1m[35m (0.1ms)[0m  [1m[36mbegin transaction[0m
  ↳ app/controllers/events_controller.rb:31
  [1m[35m (0.0ms)[0m  [1m[31mrollback transaction[0m
  ↳ app/controllers/events_controller.rb:31
  Rendering events/edit.html.erb within layouts/application
  Rendered events/edit.html.erb within layouts/application (6.3ms)
Completed 200 OK in 20ms (Views: 17.6ms | ActiveRecord: 0.2ms)


Started PATCH "/events/6" for 127.0.0.1 at 2018-07-03 19:00:55 +0300
Processing by EventsController#update as HTML
  Parameters: {"utf8"=>"✓", "authenticity_token"=>"/RFL34tlE3jjVrl5E4VdbTJgNfhXGrrmu7ptwJdQeBTAnWFKHZqIe9OeLmu2qqO7njOeC+oNHfOtwxxJlugNcQ==", "event"=>{"definition"=>"asfghj", "date"=>""}, "commit"=>"Update Event", "id"=>"6"}
  [1m[36mEvent Load (0.1ms)[0m  [1m[34mSELECT  "events".* FROM "events" WHERE "events"."id" = ? LIMIT ?[0m  [["id", 6], ["LIMIT", 1]]
  ↳ app/controllers/events_controller.rb:29
  [1m[35m (0.1ms)[0m  [1m[36mbegin transaction[0m
  ↳ app/controllers/events_controller.rb:31
  [1m[36mEvent Update (0.5ms)[0m  [1m[33mUPDATE "events" SET "definition" = ?, "updated_at" = ? WHERE "events"."id" = ?[0m  [["definition", "asfghj"], ["updated_at", "2018-07-03 16:00:55.207066"], ["id", 6]]
  ↳ app/controllers/events_controller.rb:31
  [1m[35m (3.5ms)[0m  [1m[36mcommit transaction[0m
  ↳ app/controllers/events_controller.rb:31
Redirected to http://localhost:3000/events/6
Completed 302 Found in 9ms (ActiveRecord: 4.1ms)


Started GET "/events/6" for 127.0.0.1 at 2018-07-03 19:00:55 +0300
Processing by EventsController#show as HTML
  Parameters: {"id"=>"6"}
  [1m[36mEvent Load (0.1ms)[0m  [1m[34mSELECT  "events".* FROM "events" WHERE "events"."id" = ? LIMIT ?[0m  [["id", 6], ["LIMIT", 1]]
  ↳ app/controllers/events_controller.rb:15
  Rendering events/show.html.erb within layouts/application
  Rendered events/show.html.erb within layouts/application (0.5ms)
Completed 200 OK in 12ms (Views: 10.9ms | ActiveRecord: 0.1ms)


Started GET "/events" for 127.0.0.1 at 2018-07-03 19:00:57 +0300
Processing by EventsController#index as HTML
  Rendering events/index.html.erb within layouts/application
  [1m[36mEvent Load (0.3ms)[0m  [1m[34mSELECT "events".* FROM "events"[0m
  ↳ app/views/events/index.html.erb:11
  Rendered events/index.html.erb within layouts/application (3.0ms)
Completed 200 OK in 19ms (Views: 16.8ms | ActiveRecord: 0.3ms)


Started GET "/events" for 127.0.0.1 at 2018-07-03 19:07:04 +0300
Processing by EventsController#index as HTML
  Rendering events/index.html.erb within layouts/application
  [1m[36mEvent Load (0.2ms)[0m  [1m[34mSELECT "events".* FROM "events"[0m
  ↳ app/views/events/index.html.erb:11
  Rendered events/index.html.erb within layouts/application (164.3ms)
Completed 500 Internal Server Error in 167ms (ActiveRecord: 0.6ms)


  
ActionView::Template::Error (undefined local variable or method `article' for #<#<Class:0x00007fb4c21dd840>:0x00007fb4c21d7878>):
    14:       <td><%= event.date %></td>
    15:       <td><%= link_to 'Show', event_path(event) %></td>
    16:       <td><%= link_to 'Edit', edit_event_path(event) %></td>
    17:       <td><%= link_to 'Destroy', article_path(article),
    18:               method: :delete,
    19:               data: { confirm: 'Are you sure?' } %></td>
    20:     </tr>
  
app/views/events/index.html.erb:17:in `block in _app_views_events_index_html_erb___1810373891714874980_70207163789680'
app/views/events/index.html.erb:11:in `_app_views_events_index_html_erb___1810373891714874980_70207163789680'
Started GET "/events" for 127.0.0.1 at 2018-07-03 19:07:23 +0300
Processing by EventsController#index as HTML
  Rendering events/index.html.erb within layouts/application
  [1m[36mEvent Load (0.2ms)[0m  [1m[34mSELECT "events".* FROM "events"[0m
  ↳ app/views/events/index.html.erb:11
  Rendered events/index.html.erb within layouts/application (2.6ms)
Completed 200 OK in 18ms (Views: 16.3ms | ActiveRecord: 0.2ms)


Started DELETE "/events/5" for 127.0.0.1 at 2018-07-03 19:07:28 +0300
Processing by EventsController#destroy as HTML
  Parameters: {"authenticity_token"=>"PrR69VupECsSQzBYMQSVg/KuR4KcKHj9cWExYVhUybwDOFBgzVaLKCKLp0qUK2tVXv3scSE/3+hnGEDoWey82Q==", "id"=>"5"}
  [1m[36mEvent Load (0.2ms)[0m  [1m[34mSELECT  "events".* FROM "events" WHERE "events"."id" = ? LIMIT ?[0m  [["id", 5], ["LIMIT", 1]]
  ↳ app/controllers/events_controller.rb:39
  [1m[35m (0.0ms)[0m  [1m[36mbegin transaction[0m
  ↳ app/controllers/events_controller.rb:40
  [1m[36mEvent Destroy (0.6ms)[0m  [1m[31mDELETE FROM "events" WHERE "events"."id" = ?[0m  [["id", 5]]
  ↳ app/controllers/events_controller.rb:40
  [1m[35m (8.2ms)[0m  [1m[36mcommit transaction[0m
  ↳ app/controllers/events_controller.rb:40
Redirected to http://localhost:3000/events
Completed 302 Found in 13ms (ActiveRecord: 8.9ms)


Started GET "/events" for 127.0.0.1 at 2018-07-03 19:07:28 +0300
Processing by EventsController#index as HTML
  Rendering events/index.html.erb within layouts/application
  [1m[36mEvent Load (0.2ms)[0m  [1m[34mSELECT "events".* FROM "events"[0m
  ↳ app/views/events/index.html.erb:11
  Rendered events/index.html.erb within layouts/application (3.7ms)
Completed 200 OK in 33ms (Views: 31.9ms | ActiveRecord: 0.2ms)


Started DELETE "/events/7" for 127.0.0.1 at 2018-07-03 19:07:32 +0300
Processing by EventsController#destroy as HTML
  Parameters: {"authenticity_token"=>"vCiHAWyG0krKu8GLtYxMh3r48Tr1k6McK1oDHtr2zY6BpK2U+nlJSfpzVpkQo7JR1qtayUiEBAk9I3KX20646w==", "id"=>"7"}
  [1m[36mEvent Load (0.1ms)[0m  [1m[34mSELECT  "events".* FROM "events" WHERE "events"."id" = ? LIMIT ?[0m  [["id", 7], ["LIMIT", 1]]
  ↳ app/controllers/events_controller.rb:39
  [1m[35m (0.0ms)[0m  [1m[36mbegin transaction[0m
  ↳ app/controllers/events_controller.rb:40
  [1m[36mEvent Destroy (0.6ms)[0m  [1m[31mDELETE FROM "events" WHERE "events"."id" = ?[0m  [["id", 7]]
  ↳ app/controllers/events_controller.rb:40
  [1m[35m (5.2ms)[0m  [1m[36mcommit transaction[0m
  ↳ app/controllers/events_controller.rb:40
Redirected to http://localhost:3000/events
Completed 302 Found in 11ms (ActiveRecord: 6.1ms)


Started GET "/events" for 127.0.0.1 at 2018-07-03 19:07:32 +0300
Processing by EventsController#index as HTML
  Rendering events/index.html.erb within layouts/application
  [1m[36mEvent Load (0.2ms)[0m  [1m[34mSELECT "events".* FROM "events"[0m
  ↳ app/views/events/index.html.erb:11
  Rendered events/index.html.erb within layouts/application (3.2ms)
Completed 200 OK in 23ms (Views: 21.8ms | ActiveRecord: 0.2ms)


Started GET "/events" for 127.0.0.1 at 2018-07-03 19:07:52 +0300
Processing by EventsController#index as HTML
  Rendering events/index.html.erb within layouts/application
  [1m[36mEvent Load (0.1ms)[0m  [1m[34mSELECT "events".* FROM "events"[0m
  ↳ app/views/events/index.html.erb:11
  Rendered events/index.html.erb within layouts/application (2.6ms)
Completed 200 OK in 24ms (Views: 22.4ms | ActiveRecord: 0.1ms)


Started GET "/events" for 127.0.0.1 at 2018-07-03 19:08:07 +0300
Processing by EventsController#index as HTML
  Rendering events/index.html.erb within layouts/application
  [1m[36mEvent Load (0.2ms)[0m  [1m[34mSELECT "events".* FROM "events"[0m
  ↳ app/views/events/index.html.erb:11
  Rendered events/index.html.erb within layouts/application (3.0ms)
Completed 200 OK in 31ms (Views: 29.4ms | ActiveRecord: 0.2ms)


Started GET "/events" for 127.0.0.1 at 2018-07-03 19:08:09 +0300
Processing by EventsController#index as HTML
  Rendering events/index.html.erb within layouts/application
  [1m[36mEvent Load (0.2ms)[0m  [1m[34mSELECT "events".* FROM "events"[0m
  ↳ app/views/events/index.html.erb:11
  Rendered events/index.html.erb within layouts/application (2.4ms)
Completed 200 OK in 17ms (Views: 15.4ms | ActiveRecord: 0.2ms)


Started GET "/events" for 127.0.0.1 at 2018-07-03 19:08:10 +0300
Processing by EventsController#index as HTML
  Rendering events/index.html.erb within layouts/application
  [1m[36mEvent Load (0.2ms)[0m  [1m[34mSELECT "events".* FROM "events"[0m
  ↳ app/views/events/index.html.erb:11
  Rendered events/index.html.erb within layouts/application (2.2ms)
Completed 200 OK in 15ms (Views: 14.0ms | ActiveRecord: 0.2ms)


Started GET "/events" for 127.0.0.1 at 2018-07-03 19:08:10 +0300
Processing by EventsController#index as HTML
  Rendering events/index.html.erb within layouts/application
  [1m[36mEvent Load (0.3ms)[0m  [1m[34mSELECT "events".* FROM "events"[0m
  ↳ app/views/events/index.html.erb:11
  Rendered events/index.html.erb within layouts/application (2.6ms)
Completed 200 OK in 17ms (Views: 15.4ms | ActiveRecord: 0.3ms)


Started GET "/events" for 127.0.0.1 at 2018-07-03 19:08:12 +0300
Processing by EventsController#index as HTML
  Rendering events/index.html.erb within layouts/application
  [1m[36mEvent Load (0.2ms)[0m  [1m[34mSELECT "events".* FROM "events"[0m
  ↳ app/views/events/index.html.erb:11
  Rendered events/index.html.erb within layouts/application (2.3ms)
Completed 200 OK in 17ms (Views: 15.4ms | ActiveRecord: 0.2ms)


Started GET "/events" for 127.0.0.1 at 2018-07-03 19:08:19 +0300
Processing by EventsController#index as HTML
  Rendering events/index.html.erb within layouts/application
  [1m[36mEvent Load (0.2ms)[0m  [1m[34mSELECT "events".* FROM "events"[0m
  ↳ app/views/events/index.html.erb:11
  Rendered events/index.html.erb within layouts/application (2.7ms)
Completed 200 OK in 17ms (Views: 15.8ms | ActiveRecord: 0.2ms)


Started GET "/events" for 127.0.0.1 at 2018-07-03 19:08:34 +0300
Processing by EventsController#index as HTML
  Rendering events/index.html.erb within layouts/application
  [1m[36mEvent Load (0.2ms)[0m  [1m[34mSELECT "events".* FROM "events"[0m
  ↳ app/views/events/index.html.erb:11
  Rendered events/index.html.erb within layouts/application (2.3ms)
Completed 200 OK in 15ms (Views: 13.7ms | ActiveRecord: 0.2ms)


Started GET "/events" for 127.0.0.1 at 2018-07-03 19:08:54 +0300
Processing by EventsController#index as HTML
  Rendering events/index.html.erb within layouts/application
  [1m[36mEvent Load (0.2ms)[0m  [1m[34mSELECT "events".* FROM "events"[0m
  ↳ app/views/events/index.html.erb:11
  Rendered events/index.html.erb within layouts/application (2.5ms)
Completed 200 OK in 22ms (Views: 20.3ms | ActiveRecord: 0.2ms)


Started GET "/events" for 127.0.0.1 at 2018-07-03 19:09:14 +0300
Processing by EventsController#index as HTML
  Rendering events/index.html.erb within layouts/application
  [1m[36mEvent Load (0.2ms)[0m  [1m[34mSELECT "events".* FROM "events"[0m
  ↳ app/views/events/index.html.erb:11
  Rendered events/index.html.erb within layouts/application (2.3ms)
Completed 200 OK in 16ms (Views: 14.7ms | ActiveRecord: 0.2ms)


